[2025-03-07 17:19:25,579] root - INFO - ROOT_DIR -> C:\Users\106761\Desktop\Robotic_arm\Coding Space\proper_code_imple_4_classes
[2025-03-07 17:19:25,579] root - INFO - DATASET_PATH -> C:\Users\106761\Desktop\Robotic_arm\Coding Space\proper_code_imple_4_classes\artifacts\data\data.yaml
[2025-03-07 17:19:25,579] root - INFO - MODEL_PATH -> C:\Users\106761\Desktop\Robotic_arm\Coding Space\proper_code_imple_4_classes\artifacts\models\version_1.pt
[2025-03-07 17:19:25,580] root - INFO - STUB_PATH -> C:\Users\106761\Desktop\Robotic_arm\Coding Space\proper_code_imple_4_classes\artifacts\stubs\tracked_features.pkl
[2025-03-07 17:19:25,581] root - INFO - INPUT_PATH -> C:\Users\106761\Desktop\Robotic_arm\Coding Space\proper_code_imple_4_classes\artifacts\input\type3N.MOV
[2025-03-07 17:19:25,738] root - INFO - Succesfully read C:\Users\106761\Desktop\Robotic_arm\Coding Space\proper_code_imple_4_classes\artifacts\input contains 1 frames
[2025-03-07 17:19:25,744] root - INFO - Succesfully read C:\Users\106761\Desktop\Robotic_arm\Coding Space\proper_code_imple_4_classes\artifacts\input contains 2 frames
[2025-03-07 17:19:25,749] root - INFO - Succesfully read C:\Users\106761\Desktop\Robotic_arm\Coding Space\proper_code_imple_4_classes\artifacts\input contains 3 frames
[2025-03-07 17:19:25,755] root - INFO - Succesfully read C:\Users\106761\Desktop\Robotic_arm\Coding Space\proper_code_imple_4_classes\artifacts\input contains 4 frames
[2025-03-07 17:19:25,764] root - INFO - Succesfully read C:\Users\106761\Desktop\Robotic_arm\Coding Space\proper_code_imple_4_classes\artifacts\input contains 5 frames
[2025-03-07 17:19:25,773] root - INFO - Succesfully read C:\Users\106761\Desktop\Robotic_arm\Coding Space\proper_code_imple_4_classes\artifacts\input contains 6 frames
[2025-03-07 17:19:25,779] root - INFO - Succesfully read C:\Users\106761\Desktop\Robotic_arm\Coding Space\proper_code_imple_4_classes\artifacts\input contains 7 frames
[2025-03-07 17:19:25,786] root - INFO - Succesfully read C:\Users\106761\Desktop\Robotic_arm\Coding Space\proper_code_imple_4_classes\artifacts\input contains 8 frames
[2025-03-07 17:19:25,793] root - INFO - Succesfully read C:\Users\106761\Desktop\Robotic_arm\Coding Space\proper_code_imple_4_classes\artifacts\input contains 9 frames
[2025-03-07 17:19:25,800] root - INFO - Succesfully read C:\Users\106761\Desktop\Robotic_arm\Coding Space\proper_code_imple_4_classes\artifacts\input contains 10 frames
[2025-03-07 17:19:25,807] root - INFO - Succesfully read C:\Users\106761\Desktop\Robotic_arm\Coding Space\proper_code_imple_4_classes\artifacts\input contains 11 frames
[2025-03-07 17:19:25,814] root - INFO - Succesfully read C:\Users\106761\Desktop\Robotic_arm\Coding Space\proper_code_imple_4_classes\artifacts\input contains 12 frames
[2025-03-07 17:19:25,822] root - INFO - Succesfully read C:\Users\106761\Desktop\Robotic_arm\Coding Space\proper_code_imple_4_classes\artifacts\input contains 13 frames
[2025-03-07 17:19:25,829] root - INFO - Succesfully read C:\Users\106761\Desktop\Robotic_arm\Coding Space\proper_code_imple_4_classes\artifacts\input contains 14 frames
[2025-03-07 17:19:25,835] root - INFO - Succesfully read C:\Users\106761\Desktop\Robotic_arm\Coding Space\proper_code_imple_4_classes\artifacts\input contains 15 frames
[2025-03-07 17:19:25,843] root - INFO - Succesfully read C:\Users\106761\Desktop\Robotic_arm\Coding Space\proper_code_imple_4_classes\artifacts\input contains 16 frames
[2025-03-07 17:19:25,848] root - INFO - Succesfully read C:\Users\106761\Desktop\Robotic_arm\Coding Space\proper_code_imple_4_classes\artifacts\input contains 17 frames
[2025-03-07 17:19:25,854] root - INFO - Succesfully read C:\Users\106761\Desktop\Robotic_arm\Coding Space\proper_code_imple_4_classes\artifacts\input contains 18 frames
[2025-03-07 17:19:25,861] root - INFO - Succesfully read C:\Users\106761\Desktop\Robotic_arm\Coding Space\proper_code_imple_4_classes\artifacts\input contains 19 frames
[2025-03-07 17:19:25,873] root - INFO - Succesfully read C:\Users\106761\Desktop\Robotic_arm\Coding Space\proper_code_imple_4_classes\artifacts\input contains 20 frames
[2025-03-07 17:19:25,888] root - INFO - Succesfully read C:\Users\106761\Desktop\Robotic_arm\Coding Space\proper_code_imple_4_classes\artifacts\input contains 21 frames
[2025-03-07 17:19:25,908] root - INFO - Succesfully read C:\Users\106761\Desktop\Robotic_arm\Coding Space\proper_code_imple_4_classes\artifacts\input contains 22 frames
[2025-03-07 17:19:25,918] root - INFO - Succesfully read C:\Users\106761\Desktop\Robotic_arm\Coding Space\proper_code_imple_4_classes\artifacts\input contains 23 frames
[2025-03-07 17:19:25,928] root - INFO - Succesfully read C:\Users\106761\Desktop\Robotic_arm\Coding Space\proper_code_imple_4_classes\artifacts\input contains 24 frames
[2025-03-07 17:19:25,936] root - INFO - Succesfully read C:\Users\106761\Desktop\Robotic_arm\Coding Space\proper_code_imple_4_classes\artifacts\input contains 25 frames
[2025-03-07 17:19:25,942] root - INFO - Succesfully read C:\Users\106761\Desktop\Robotic_arm\Coding Space\proper_code_imple_4_classes\artifacts\input contains 26 frames
[2025-03-07 17:19:25,947] root - INFO - Succesfully read C:\Users\106761\Desktop\Robotic_arm\Coding Space\proper_code_imple_4_classes\artifacts\input contains 27 frames
[2025-03-07 17:19:25,953] root - INFO - Succesfully read C:\Users\106761\Desktop\Robotic_arm\Coding Space\proper_code_imple_4_classes\artifacts\input contains 28 frames
[2025-03-07 17:19:25,961] root - INFO - Succesfully read C:\Users\106761\Desktop\Robotic_arm\Coding Space\proper_code_imple_4_classes\artifacts\input contains 29 frames
[2025-03-07 17:19:25,968] root - INFO - Succesfully read C:\Users\106761\Desktop\Robotic_arm\Coding Space\proper_code_imple_4_classes\artifacts\input contains 30 frames
[2025-03-07 17:19:25,976] root - INFO - Succesfully read C:\Users\106761\Desktop\Robotic_arm\Coding Space\proper_code_imple_4_classes\artifacts\input contains 31 frames
[2025-03-07 17:19:25,981] root - INFO - Succesfully read C:\Users\106761\Desktop\Robotic_arm\Coding Space\proper_code_imple_4_classes\artifacts\input contains 32 frames
[2025-03-07 17:19:25,989] root - INFO - Succesfully read C:\Users\106761\Desktop\Robotic_arm\Coding Space\proper_code_imple_4_classes\artifacts\input contains 33 frames
[2025-03-07 17:19:25,997] root - INFO - Succesfully read C:\Users\106761\Desktop\Robotic_arm\Coding Space\proper_code_imple_4_classes\artifacts\input contains 34 frames
[2025-03-07 17:19:26,004] root - INFO - Succesfully read C:\Users\106761\Desktop\Robotic_arm\Coding Space\proper_code_imple_4_classes\artifacts\input contains 35 frames
[2025-03-07 17:19:26,010] root - INFO - Succesfully read C:\Users\106761\Desktop\Robotic_arm\Coding Space\proper_code_imple_4_classes\artifacts\input contains 36 frames
[2025-03-07 17:19:26,017] root - INFO - Succesfully read C:\Users\106761\Desktop\Robotic_arm\Coding Space\proper_code_imple_4_classes\artifacts\input contains 37 frames
[2025-03-07 17:19:26,024] root - INFO - Succesfully read C:\Users\106761\Desktop\Robotic_arm\Coding Space\proper_code_imple_4_classes\artifacts\input contains 38 frames
[2025-03-07 17:19:26,032] root - INFO - Succesfully read C:\Users\106761\Desktop\Robotic_arm\Coding Space\proper_code_imple_4_classes\artifacts\input contains 39 frames
[2025-03-07 17:19:26,037] root - INFO - Succesfully read C:\Users\106761\Desktop\Robotic_arm\Coding Space\proper_code_imple_4_classes\artifacts\input contains 40 frames
[2025-03-07 17:19:26,045] root - INFO - Succesfully read C:\Users\106761\Desktop\Robotic_arm\Coding Space\proper_code_imple_4_classes\artifacts\input contains 41 frames
[2025-03-07 17:19:26,051] root - INFO - Succesfully read C:\Users\106761\Desktop\Robotic_arm\Coding Space\proper_code_imple_4_classes\artifacts\input contains 42 frames
[2025-03-07 17:19:26,070] root - INFO - Succesfully read C:\Users\106761\Desktop\Robotic_arm\Coding Space\proper_code_imple_4_classes\artifacts\input contains 43 frames
[2025-03-07 17:19:26,081] root - INFO - Succesfully read C:\Users\106761\Desktop\Robotic_arm\Coding Space\proper_code_imple_4_classes\artifacts\input contains 44 frames
[2025-03-07 17:19:26,088] root - INFO - Succesfully read C:\Users\106761\Desktop\Robotic_arm\Coding Space\proper_code_imple_4_classes\artifacts\input contains 45 frames
[2025-03-07 17:19:26,094] root - INFO - Succesfully read C:\Users\106761\Desktop\Robotic_arm\Coding Space\proper_code_imple_4_classes\artifacts\input contains 46 frames
[2025-03-07 17:19:26,100] root - INFO - Succesfully read C:\Users\106761\Desktop\Robotic_arm\Coding Space\proper_code_imple_4_classes\artifacts\input contains 47 frames
[2025-03-07 17:19:26,111] root - INFO - Succesfully read C:\Users\106761\Desktop\Robotic_arm\Coding Space\proper_code_imple_4_classes\artifacts\input contains 48 frames
[2025-03-07 17:19:26,116] root - INFO - Succesfully read C:\Users\106761\Desktop\Robotic_arm\Coding Space\proper_code_imple_4_classes\artifacts\input contains 49 frames
[2025-03-07 17:19:26,123] root - INFO - Succesfully read C:\Users\106761\Desktop\Robotic_arm\Coding Space\proper_code_imple_4_classes\artifacts\input contains 50 frames
[2025-03-07 17:19:26,130] root - INFO - Succesfully read C:\Users\106761\Desktop\Robotic_arm\Coding Space\proper_code_imple_4_classes\artifacts\input contains 51 frames
[2025-03-07 17:19:26,137] root - INFO - Succesfully read C:\Users\106761\Desktop\Robotic_arm\Coding Space\proper_code_imple_4_classes\artifacts\input contains 52 frames
[2025-03-07 17:19:26,145] root - INFO - Succesfully read C:\Users\106761\Desktop\Robotic_arm\Coding Space\proper_code_imple_4_classes\artifacts\input contains 53 frames
[2025-03-07 17:19:26,152] root - INFO - Succesfully read C:\Users\106761\Desktop\Robotic_arm\Coding Space\proper_code_imple_4_classes\artifacts\input contains 54 frames
[2025-03-07 17:19:26,165] root - INFO - Succesfully read C:\Users\106761\Desktop\Robotic_arm\Coding Space\proper_code_imple_4_classes\artifacts\input contains 55 frames
[2025-03-07 17:19:26,172] root - INFO - Succesfully read C:\Users\106761\Desktop\Robotic_arm\Coding Space\proper_code_imple_4_classes\artifacts\input contains 56 frames
[2025-03-07 17:19:26,180] root - INFO - Succesfully read C:\Users\106761\Desktop\Robotic_arm\Coding Space\proper_code_imple_4_classes\artifacts\input contains 57 frames
[2025-03-07 17:19:26,187] root - INFO - Succesfully read C:\Users\106761\Desktop\Robotic_arm\Coding Space\proper_code_imple_4_classes\artifacts\input contains 58 frames
[2025-03-07 17:19:26,194] root - INFO - Succesfully read C:\Users\106761\Desktop\Robotic_arm\Coding Space\proper_code_imple_4_classes\artifacts\input contains 59 frames
[2025-03-07 17:19:26,201] root - INFO - Succesfully read C:\Users\106761\Desktop\Robotic_arm\Coding Space\proper_code_imple_4_classes\artifacts\input contains 60 frames
[2025-03-07 17:19:26,209] root - INFO - Succesfully read C:\Users\106761\Desktop\Robotic_arm\Coding Space\proper_code_imple_4_classes\artifacts\input contains 61 frames
[2025-03-07 17:19:26,221] root - INFO - Succesfully read C:\Users\106761\Desktop\Robotic_arm\Coding Space\proper_code_imple_4_classes\artifacts\input contains 62 frames
[2025-03-07 17:19:26,229] root - INFO - Succesfully read C:\Users\106761\Desktop\Robotic_arm\Coding Space\proper_code_imple_4_classes\artifacts\input contains 63 frames
[2025-03-07 17:19:26,237] root - INFO - Succesfully read C:\Users\106761\Desktop\Robotic_arm\Coding Space\proper_code_imple_4_classes\artifacts\input contains 64 frames
[2025-03-07 17:19:26,244] root - INFO - Succesfully read C:\Users\106761\Desktop\Robotic_arm\Coding Space\proper_code_imple_4_classes\artifacts\input contains 65 frames
[2025-03-07 17:19:26,250] root - INFO - Succesfully read C:\Users\106761\Desktop\Robotic_arm\Coding Space\proper_code_imple_4_classes\artifacts\input contains 66 frames
[2025-03-07 17:19:26,257] root - INFO - Succesfully read C:\Users\106761\Desktop\Robotic_arm\Coding Space\proper_code_imple_4_classes\artifacts\input contains 67 frames
[2025-03-07 17:19:26,264] root - INFO - Succesfully read C:\Users\106761\Desktop\Robotic_arm\Coding Space\proper_code_imple_4_classes\artifacts\input contains 68 frames
[2025-03-07 17:19:26,270] root - INFO - Succesfully read C:\Users\106761\Desktop\Robotic_arm\Coding Space\proper_code_imple_4_classes\artifacts\input contains 69 frames
[2025-03-07 17:19:26,277] root - INFO - Succesfully read C:\Users\106761\Desktop\Robotic_arm\Coding Space\proper_code_imple_4_classes\artifacts\input contains 70 frames
[2025-03-07 17:19:26,284] root - INFO - Succesfully read C:\Users\106761\Desktop\Robotic_arm\Coding Space\proper_code_imple_4_classes\artifacts\input contains 71 frames
[2025-03-07 17:19:26,289] root - INFO - Succesfully read C:\Users\106761\Desktop\Robotic_arm\Coding Space\proper_code_imple_4_classes\artifacts\input contains 72 frames
[2025-03-07 17:19:26,295] root - INFO - Succesfully read C:\Users\106761\Desktop\Robotic_arm\Coding Space\proper_code_imple_4_classes\artifacts\input contains 73 frames
[2025-03-07 17:19:26,301] root - INFO - Succesfully read C:\Users\106761\Desktop\Robotic_arm\Coding Space\proper_code_imple_4_classes\artifacts\input contains 74 frames
[2025-03-07 17:19:26,309] root - INFO - Succesfully read C:\Users\106761\Desktop\Robotic_arm\Coding Space\proper_code_imple_4_classes\artifacts\input contains 75 frames
[2025-03-07 17:19:26,316] root - INFO - Succesfully read C:\Users\106761\Desktop\Robotic_arm\Coding Space\proper_code_imple_4_classes\artifacts\input contains 76 frames
[2025-03-07 17:19:26,322] root - INFO - Succesfully read C:\Users\106761\Desktop\Robotic_arm\Coding Space\proper_code_imple_4_classes\artifacts\input contains 77 frames
[2025-03-07 17:19:26,330] root - INFO - Succesfully read C:\Users\106761\Desktop\Robotic_arm\Coding Space\proper_code_imple_4_classes\artifacts\input contains 78 frames
[2025-03-07 17:19:26,337] root - INFO - Succesfully read C:\Users\106761\Desktop\Robotic_arm\Coding Space\proper_code_imple_4_classes\artifacts\input contains 79 frames
[2025-03-07 17:19:26,344] root - INFO - Succesfully read C:\Users\106761\Desktop\Robotic_arm\Coding Space\proper_code_imple_4_classes\artifacts\input contains 80 frames
[2025-03-07 17:19:26,351] root - INFO - Succesfully read C:\Users\106761\Desktop\Robotic_arm\Coding Space\proper_code_imple_4_classes\artifacts\input contains 81 frames
[2025-03-07 17:19:26,359] root - INFO - Succesfully read C:\Users\106761\Desktop\Robotic_arm\Coding Space\proper_code_imple_4_classes\artifacts\input contains 82 frames
[2025-03-07 17:19:26,367] root - INFO - Succesfully read C:\Users\106761\Desktop\Robotic_arm\Coding Space\proper_code_imple_4_classes\artifacts\input contains 83 frames
[2025-03-07 17:19:26,376] root - INFO - Succesfully read C:\Users\106761\Desktop\Robotic_arm\Coding Space\proper_code_imple_4_classes\artifacts\input contains 84 frames
[2025-03-07 17:19:26,383] root - INFO - Succesfully read C:\Users\106761\Desktop\Robotic_arm\Coding Space\proper_code_imple_4_classes\artifacts\input contains 85 frames
[2025-03-07 17:19:26,390] root - INFO - Succesfully read C:\Users\106761\Desktop\Robotic_arm\Coding Space\proper_code_imple_4_classes\artifacts\input contains 86 frames
[2025-03-07 17:19:26,395] root - INFO - Succesfully read C:\Users\106761\Desktop\Robotic_arm\Coding Space\proper_code_imple_4_classes\artifacts\input contains 87 frames
[2025-03-07 17:19:26,400] root - INFO - Succesfully read C:\Users\106761\Desktop\Robotic_arm\Coding Space\proper_code_imple_4_classes\artifacts\input contains 88 frames
[2025-03-07 17:19:26,407] root - INFO - Succesfully read C:\Users\106761\Desktop\Robotic_arm\Coding Space\proper_code_imple_4_classes\artifacts\input contains 89 frames
[2025-03-07 17:19:26,414] root - INFO - Succesfully read C:\Users\106761\Desktop\Robotic_arm\Coding Space\proper_code_imple_4_classes\artifacts\input contains 90 frames
[2025-03-07 17:19:26,421] root - INFO - Succesfully read C:\Users\106761\Desktop\Robotic_arm\Coding Space\proper_code_imple_4_classes\artifacts\input contains 91 frames
[2025-03-07 17:19:26,428] root - INFO - Succesfully read C:\Users\106761\Desktop\Robotic_arm\Coding Space\proper_code_imple_4_classes\artifacts\input contains 92 frames
[2025-03-07 17:19:26,436] root - INFO - Succesfully read C:\Users\106761\Desktop\Robotic_arm\Coding Space\proper_code_imple_4_classes\artifacts\input contains 93 frames
[2025-03-07 17:19:26,443] root - INFO - Succesfully read C:\Users\106761\Desktop\Robotic_arm\Coding Space\proper_code_imple_4_classes\artifacts\input contains 94 frames
[2025-03-07 17:19:26,450] root - INFO - Succesfully read C:\Users\106761\Desktop\Robotic_arm\Coding Space\proper_code_imple_4_classes\artifacts\input contains 95 frames
[2025-03-07 17:19:26,461] root - INFO - Succesfully read C:\Users\106761\Desktop\Robotic_arm\Coding Space\proper_code_imple_4_classes\artifacts\input contains 96 frames
[2025-03-07 17:19:26,468] root - INFO - Succesfully read C:\Users\106761\Desktop\Robotic_arm\Coding Space\proper_code_imple_4_classes\artifacts\input contains 97 frames
[2025-03-07 17:19:26,475] root - INFO - Succesfully read C:\Users\106761\Desktop\Robotic_arm\Coding Space\proper_code_imple_4_classes\artifacts\input contains 98 frames
[2025-03-07 17:19:26,481] root - INFO - Succesfully read C:\Users\106761\Desktop\Robotic_arm\Coding Space\proper_code_imple_4_classes\artifacts\input contains 99 frames
[2025-03-07 17:19:26,488] root - INFO - Succesfully read C:\Users\106761\Desktop\Robotic_arm\Coding Space\proper_code_imple_4_classes\artifacts\input contains 100 frames
[2025-03-07 17:19:26,496] root - INFO - Succesfully read C:\Users\106761\Desktop\Robotic_arm\Coding Space\proper_code_imple_4_classes\artifacts\input contains 101 frames
[2025-03-07 17:19:26,505] root - INFO - Succesfully read C:\Users\106761\Desktop\Robotic_arm\Coding Space\proper_code_imple_4_classes\artifacts\input contains 102 frames
[2025-03-07 17:19:26,513] root - INFO - Succesfully read C:\Users\106761\Desktop\Robotic_arm\Coding Space\proper_code_imple_4_classes\artifacts\input contains 103 frames
[2025-03-07 17:19:26,523] root - INFO - Succesfully read C:\Users\106761\Desktop\Robotic_arm\Coding Space\proper_code_imple_4_classes\artifacts\input contains 104 frames
[2025-03-07 17:19:26,528] root - INFO - Succesfully read C:\Users\106761\Desktop\Robotic_arm\Coding Space\proper_code_imple_4_classes\artifacts\input contains 105 frames
[2025-03-07 17:19:26,534] root - INFO - Succesfully read C:\Users\106761\Desktop\Robotic_arm\Coding Space\proper_code_imple_4_classes\artifacts\input contains 106 frames
[2025-03-07 17:19:26,541] root - INFO - Succesfully read C:\Users\106761\Desktop\Robotic_arm\Coding Space\proper_code_imple_4_classes\artifacts\input contains 107 frames
[2025-03-07 17:19:26,546] root - INFO - Succesfully read C:\Users\106761\Desktop\Robotic_arm\Coding Space\proper_code_imple_4_classes\artifacts\input contains 108 frames
[2025-03-07 17:19:26,552] root - INFO - Succesfully read C:\Users\106761\Desktop\Robotic_arm\Coding Space\proper_code_imple_4_classes\artifacts\input contains 109 frames
[2025-03-07 17:19:26,558] root - INFO - Succesfully read C:\Users\106761\Desktop\Robotic_arm\Coding Space\proper_code_imple_4_classes\artifacts\input contains 110 frames
[2025-03-07 17:19:26,566] root - INFO - Succesfully read C:\Users\106761\Desktop\Robotic_arm\Coding Space\proper_code_imple_4_classes\artifacts\input contains 111 frames
[2025-03-07 17:19:26,576] root - INFO - Succesfully read C:\Users\106761\Desktop\Robotic_arm\Coding Space\proper_code_imple_4_classes\artifacts\input contains 112 frames
[2025-03-07 17:19:26,588] root - INFO - Succesfully read C:\Users\106761\Desktop\Robotic_arm\Coding Space\proper_code_imple_4_classes\artifacts\input contains 113 frames
[2025-03-07 17:19:26,602] root - INFO - Succesfully read C:\Users\106761\Desktop\Robotic_arm\Coding Space\proper_code_imple_4_classes\artifacts\input contains 114 frames
[2025-03-07 17:19:26,611] root - INFO - Succesfully read C:\Users\106761\Desktop\Robotic_arm\Coding Space\proper_code_imple_4_classes\artifacts\input contains 115 frames
[2025-03-07 17:19:26,621] root - INFO - Succesfully read C:\Users\106761\Desktop\Robotic_arm\Coding Space\proper_code_imple_4_classes\artifacts\input contains 116 frames
[2025-03-07 17:19:26,639] root - INFO - Succesfully read C:\Users\106761\Desktop\Robotic_arm\Coding Space\proper_code_imple_4_classes\artifacts\input contains 117 frames
[2025-03-07 17:19:26,651] root - INFO - Succesfully read C:\Users\106761\Desktop\Robotic_arm\Coding Space\proper_code_imple_4_classes\artifacts\input contains 118 frames
[2025-03-07 17:19:26,660] root - INFO - Succesfully read C:\Users\106761\Desktop\Robotic_arm\Coding Space\proper_code_imple_4_classes\artifacts\input contains 119 frames
[2025-03-07 17:19:26,673] root - INFO - Succesfully read C:\Users\106761\Desktop\Robotic_arm\Coding Space\proper_code_imple_4_classes\artifacts\input contains 120 frames
[2025-03-07 17:19:26,681] root - INFO - Succesfully read C:\Users\106761\Desktop\Robotic_arm\Coding Space\proper_code_imple_4_classes\artifacts\input contains 121 frames
[2025-03-07 17:19:26,688] root - INFO - Succesfully read C:\Users\106761\Desktop\Robotic_arm\Coding Space\proper_code_imple_4_classes\artifacts\input contains 122 frames
[2025-03-07 17:19:26,694] root - INFO - Succesfully read C:\Users\106761\Desktop\Robotic_arm\Coding Space\proper_code_imple_4_classes\artifacts\input contains 123 frames
[2025-03-07 17:19:26,702] root - INFO - Succesfully read C:\Users\106761\Desktop\Robotic_arm\Coding Space\proper_code_imple_4_classes\artifacts\input contains 124 frames
[2025-03-07 17:19:26,709] root - INFO - Succesfully read C:\Users\106761\Desktop\Robotic_arm\Coding Space\proper_code_imple_4_classes\artifacts\input contains 125 frames
[2025-03-07 17:19:26,716] root - INFO - Succesfully read C:\Users\106761\Desktop\Robotic_arm\Coding Space\proper_code_imple_4_classes\artifacts\input contains 126 frames
[2025-03-07 17:19:26,723] root - INFO - Succesfully read C:\Users\106761\Desktop\Robotic_arm\Coding Space\proper_code_imple_4_classes\artifacts\input contains 127 frames
[2025-03-07 17:19:26,730] root - INFO - Succesfully read C:\Users\106761\Desktop\Robotic_arm\Coding Space\proper_code_imple_4_classes\artifacts\input contains 128 frames
[2025-03-07 17:19:26,738] root - INFO - Succesfully read C:\Users\106761\Desktop\Robotic_arm\Coding Space\proper_code_imple_4_classes\artifacts\input contains 129 frames
[2025-03-07 17:19:26,744] root - INFO - Succesfully read C:\Users\106761\Desktop\Robotic_arm\Coding Space\proper_code_imple_4_classes\artifacts\input contains 130 frames
[2025-03-07 17:19:26,751] root - INFO - Succesfully read C:\Users\106761\Desktop\Robotic_arm\Coding Space\proper_code_imple_4_classes\artifacts\input contains 131 frames
[2025-03-07 17:19:26,757] root - INFO - Succesfully read C:\Users\106761\Desktop\Robotic_arm\Coding Space\proper_code_imple_4_classes\artifacts\input contains 132 frames
[2025-03-07 17:19:26,764] root - INFO - Succesfully read C:\Users\106761\Desktop\Robotic_arm\Coding Space\proper_code_imple_4_classes\artifacts\input contains 133 frames
[2025-03-07 17:19:26,772] root - INFO - Succesfully read C:\Users\106761\Desktop\Robotic_arm\Coding Space\proper_code_imple_4_classes\artifacts\input contains 134 frames
[2025-03-07 17:19:26,779] root - INFO - Succesfully read C:\Users\106761\Desktop\Robotic_arm\Coding Space\proper_code_imple_4_classes\artifacts\input contains 135 frames
[2025-03-07 17:19:26,786] root - INFO - Succesfully read C:\Users\106761\Desktop\Robotic_arm\Coding Space\proper_code_imple_4_classes\artifacts\input contains 136 frames
[2025-03-07 17:19:26,793] root - INFO - Succesfully read C:\Users\106761\Desktop\Robotic_arm\Coding Space\proper_code_imple_4_classes\artifacts\input contains 137 frames
[2025-03-07 17:19:26,799] root - INFO - Succesfully read C:\Users\106761\Desktop\Robotic_arm\Coding Space\proper_code_imple_4_classes\artifacts\input contains 138 frames
[2025-03-07 17:19:26,806] root - INFO - Succesfully read C:\Users\106761\Desktop\Robotic_arm\Coding Space\proper_code_imple_4_classes\artifacts\input contains 139 frames
[2025-03-07 17:19:26,816] root - INFO - Succesfully read C:\Users\106761\Desktop\Robotic_arm\Coding Space\proper_code_imple_4_classes\artifacts\input contains 140 frames
[2025-03-07 17:19:26,822] root - INFO - Succesfully read C:\Users\106761\Desktop\Robotic_arm\Coding Space\proper_code_imple_4_classes\artifacts\input contains 141 frames
[2025-03-07 17:19:26,828] root - INFO - Succesfully read C:\Users\106761\Desktop\Robotic_arm\Coding Space\proper_code_imple_4_classes\artifacts\input contains 142 frames
[2025-03-07 17:19:26,835] root - INFO - Succesfully read C:\Users\106761\Desktop\Robotic_arm\Coding Space\proper_code_imple_4_classes\artifacts\input contains 143 frames
[2025-03-07 17:19:26,842] root - INFO - Succesfully read C:\Users\106761\Desktop\Robotic_arm\Coding Space\proper_code_imple_4_classes\artifacts\input contains 144 frames
[2025-03-07 17:19:26,849] root - INFO - Succesfully read C:\Users\106761\Desktop\Robotic_arm\Coding Space\proper_code_imple_4_classes\artifacts\input contains 145 frames
[2025-03-07 17:19:26,856] root - INFO - Succesfully read C:\Users\106761\Desktop\Robotic_arm\Coding Space\proper_code_imple_4_classes\artifacts\input contains 146 frames
[2025-03-07 17:19:26,863] root - INFO - Succesfully read C:\Users\106761\Desktop\Robotic_arm\Coding Space\proper_code_imple_4_classes\artifacts\input contains 147 frames
[2025-03-07 17:19:26,869] root - INFO - Succesfully read C:\Users\106761\Desktop\Robotic_arm\Coding Space\proper_code_imple_4_classes\artifacts\input contains 148 frames
[2025-03-07 17:19:26,874] root - INFO - Succesfully read C:\Users\106761\Desktop\Robotic_arm\Coding Space\proper_code_imple_4_classes\artifacts\input contains 149 frames
[2025-03-07 17:19:26,880] root - INFO - Succesfully read C:\Users\106761\Desktop\Robotic_arm\Coding Space\proper_code_imple_4_classes\artifacts\input contains 150 frames
[2025-03-07 17:19:26,887] root - INFO - Succesfully read C:\Users\106761\Desktop\Robotic_arm\Coding Space\proper_code_imple_4_classes\artifacts\input contains 151 frames
[2025-03-07 17:19:26,894] root - INFO - Succesfully read C:\Users\106761\Desktop\Robotic_arm\Coding Space\proper_code_imple_4_classes\artifacts\input contains 152 frames
[2025-03-07 17:19:26,901] root - INFO - Succesfully read C:\Users\106761\Desktop\Robotic_arm\Coding Space\proper_code_imple_4_classes\artifacts\input contains 153 frames
[2025-03-07 17:19:26,906] root - INFO - Succesfully read C:\Users\106761\Desktop\Robotic_arm\Coding Space\proper_code_imple_4_classes\artifacts\input contains 154 frames
[2025-03-07 17:19:26,912] root - INFO - Succesfully read C:\Users\106761\Desktop\Robotic_arm\Coding Space\proper_code_imple_4_classes\artifacts\input contains 155 frames
[2025-03-07 17:19:26,918] root - INFO - Succesfully read C:\Users\106761\Desktop\Robotic_arm\Coding Space\proper_code_imple_4_classes\artifacts\input contains 156 frames
[2025-03-07 17:19:26,924] root - INFO - Succesfully read C:\Users\106761\Desktop\Robotic_arm\Coding Space\proper_code_imple_4_classes\artifacts\input contains 157 frames
[2025-03-07 17:19:26,932] root - INFO - Succesfully read C:\Users\106761\Desktop\Robotic_arm\Coding Space\proper_code_imple_4_classes\artifacts\input contains 158 frames
[2025-03-07 17:19:26,938] root - INFO - Succesfully read C:\Users\106761\Desktop\Robotic_arm\Coding Space\proper_code_imple_4_classes\artifacts\input contains 159 frames
[2025-03-07 17:19:26,946] root - INFO - Succesfully read C:\Users\106761\Desktop\Robotic_arm\Coding Space\proper_code_imple_4_classes\artifacts\input contains 160 frames
[2025-03-07 17:19:26,952] root - INFO - Succesfully read C:\Users\106761\Desktop\Robotic_arm\Coding Space\proper_code_imple_4_classes\artifacts\input contains 161 frames
[2025-03-07 17:19:26,957] root - INFO - Succesfully read C:\Users\106761\Desktop\Robotic_arm\Coding Space\proper_code_imple_4_classes\artifacts\input contains 162 frames
[2025-03-07 17:19:26,964] root - INFO - Succesfully read C:\Users\106761\Desktop\Robotic_arm\Coding Space\proper_code_imple_4_classes\artifacts\input contains 163 frames
[2025-03-07 17:19:26,972] root - INFO - Succesfully read C:\Users\106761\Desktop\Robotic_arm\Coding Space\proper_code_imple_4_classes\artifacts\input contains 164 frames
[2025-03-07 17:19:26,977] root - INFO - Succesfully read C:\Users\106761\Desktop\Robotic_arm\Coding Space\proper_code_imple_4_classes\artifacts\input contains 165 frames
[2025-03-07 17:19:26,983] root - INFO - Succesfully read C:\Users\106761\Desktop\Robotic_arm\Coding Space\proper_code_imple_4_classes\artifacts\input contains 166 frames
[2025-03-07 17:19:26,988] root - INFO - Succesfully read C:\Users\106761\Desktop\Robotic_arm\Coding Space\proper_code_imple_4_classes\artifacts\input contains 167 frames
[2025-03-07 17:19:26,997] root - INFO - Succesfully read C:\Users\106761\Desktop\Robotic_arm\Coding Space\proper_code_imple_4_classes\artifacts\input contains 168 frames
[2025-03-07 17:19:27,005] root - INFO - Succesfully read C:\Users\106761\Desktop\Robotic_arm\Coding Space\proper_code_imple_4_classes\artifacts\input contains 169 frames
[2025-03-07 17:19:27,014] root - INFO - Succesfully read C:\Users\106761\Desktop\Robotic_arm\Coding Space\proper_code_imple_4_classes\artifacts\input contains 170 frames
[2025-03-07 17:19:27,022] root - INFO - Succesfully read C:\Users\106761\Desktop\Robotic_arm\Coding Space\proper_code_imple_4_classes\artifacts\input contains 171 frames
[2025-03-07 17:19:27,030] root - INFO - Succesfully read C:\Users\106761\Desktop\Robotic_arm\Coding Space\proper_code_imple_4_classes\artifacts\input contains 172 frames
[2025-03-07 17:19:27,037] root - INFO - Succesfully read C:\Users\106761\Desktop\Robotic_arm\Coding Space\proper_code_imple_4_classes\artifacts\input contains 173 frames
[2025-03-07 17:19:27,044] root - INFO - Succesfully read C:\Users\106761\Desktop\Robotic_arm\Coding Space\proper_code_imple_4_classes\artifacts\input contains 174 frames
[2025-03-07 17:19:27,051] root - INFO - Succesfully read C:\Users\106761\Desktop\Robotic_arm\Coding Space\proper_code_imple_4_classes\artifacts\input contains 175 frames
[2025-03-07 17:19:27,057] root - INFO - Succesfully read C:\Users\106761\Desktop\Robotic_arm\Coding Space\proper_code_imple_4_classes\artifacts\input contains 176 frames
[2025-03-07 17:19:27,063] root - INFO - Succesfully read C:\Users\106761\Desktop\Robotic_arm\Coding Space\proper_code_imple_4_classes\artifacts\input contains 177 frames
[2025-03-07 17:19:27,071] root - INFO - Succesfully read C:\Users\106761\Desktop\Robotic_arm\Coding Space\proper_code_imple_4_classes\artifacts\input contains 178 frames
[2025-03-07 17:19:27,079] root - INFO - Succesfully read C:\Users\106761\Desktop\Robotic_arm\Coding Space\proper_code_imple_4_classes\artifacts\input contains 179 frames
[2025-03-07 17:19:27,086] root - INFO - Succesfully read C:\Users\106761\Desktop\Robotic_arm\Coding Space\proper_code_imple_4_classes\artifacts\input contains 180 frames
[2025-03-07 17:19:27,094] root - INFO - Succesfully read C:\Users\106761\Desktop\Robotic_arm\Coding Space\proper_code_imple_4_classes\artifacts\input contains 181 frames
[2025-03-07 17:19:27,102] root - INFO - Succesfully read C:\Users\106761\Desktop\Robotic_arm\Coding Space\proper_code_imple_4_classes\artifacts\input contains 182 frames
[2025-03-07 17:19:27,110] root - INFO - Succesfully read C:\Users\106761\Desktop\Robotic_arm\Coding Space\proper_code_imple_4_classes\artifacts\input contains 183 frames
[2025-03-07 17:19:27,117] root - INFO - Succesfully read C:\Users\106761\Desktop\Robotic_arm\Coding Space\proper_code_imple_4_classes\artifacts\input contains 184 frames
[2025-03-07 17:19:27,124] root - INFO - Succesfully read C:\Users\106761\Desktop\Robotic_arm\Coding Space\proper_code_imple_4_classes\artifacts\input contains 185 frames
[2025-03-07 17:19:27,131] root - INFO - Succesfully read C:\Users\106761\Desktop\Robotic_arm\Coding Space\proper_code_imple_4_classes\artifacts\input contains 186 frames
[2025-03-07 17:19:27,139] root - INFO - Succesfully read C:\Users\106761\Desktop\Robotic_arm\Coding Space\proper_code_imple_4_classes\artifacts\input contains 187 frames
[2025-03-07 17:19:27,147] root - INFO - Succesfully read C:\Users\106761\Desktop\Robotic_arm\Coding Space\proper_code_imple_4_classes\artifacts\input contains 188 frames
[2025-03-07 17:19:27,155] root - INFO - Succesfully read C:\Users\106761\Desktop\Robotic_arm\Coding Space\proper_code_imple_4_classes\artifacts\input contains 189 frames
[2025-03-07 17:19:27,163] root - INFO - Succesfully read C:\Users\106761\Desktop\Robotic_arm\Coding Space\proper_code_imple_4_classes\artifacts\input contains 190 frames
[2025-03-07 17:19:27,171] root - INFO - Succesfully read C:\Users\106761\Desktop\Robotic_arm\Coding Space\proper_code_imple_4_classes\artifacts\input contains 191 frames
[2025-03-07 17:19:27,179] root - INFO - Succesfully read C:\Users\106761\Desktop\Robotic_arm\Coding Space\proper_code_imple_4_classes\artifacts\input contains 192 frames
[2025-03-07 17:19:27,188] root - INFO - Succesfully read C:\Users\106761\Desktop\Robotic_arm\Coding Space\proper_code_imple_4_classes\artifacts\input contains 193 frames
[2025-03-07 17:19:27,196] root - INFO - Succesfully read C:\Users\106761\Desktop\Robotic_arm\Coding Space\proper_code_imple_4_classes\artifacts\input contains 194 frames
[2025-03-07 17:19:27,204] root - INFO - Succesfully read C:\Users\106761\Desktop\Robotic_arm\Coding Space\proper_code_imple_4_classes\artifacts\input contains 195 frames
[2025-03-07 17:19:27,212] root - INFO - Succesfully read C:\Users\106761\Desktop\Robotic_arm\Coding Space\proper_code_imple_4_classes\artifacts\input contains 196 frames
[2025-03-07 17:19:27,223] root - INFO - Succesfully read C:\Users\106761\Desktop\Robotic_arm\Coding Space\proper_code_imple_4_classes\artifacts\input contains 197 frames
[2025-03-07 17:19:27,234] root - INFO - Succesfully read C:\Users\106761\Desktop\Robotic_arm\Coding Space\proper_code_imple_4_classes\artifacts\input contains 198 frames
[2025-03-07 17:19:27,245] root - INFO - Succesfully read C:\Users\106761\Desktop\Robotic_arm\Coding Space\proper_code_imple_4_classes\artifacts\input contains 199 frames
[2025-03-07 17:19:27,254] root - INFO - Succesfully read C:\Users\106761\Desktop\Robotic_arm\Coding Space\proper_code_imple_4_classes\artifacts\input contains 200 frames
[2025-03-07 17:19:27,264] root - INFO - Succesfully read C:\Users\106761\Desktop\Robotic_arm\Coding Space\proper_code_imple_4_classes\artifacts\input contains 201 frames
[2025-03-07 17:19:27,272] root - INFO - Succesfully read C:\Users\106761\Desktop\Robotic_arm\Coding Space\proper_code_imple_4_classes\artifacts\input contains 202 frames
[2025-03-07 17:19:27,280] root - INFO - Succesfully read C:\Users\106761\Desktop\Robotic_arm\Coding Space\proper_code_imple_4_classes\artifacts\input contains 203 frames
[2025-03-07 17:19:27,288] root - INFO - Succesfully read C:\Users\106761\Desktop\Robotic_arm\Coding Space\proper_code_imple_4_classes\artifacts\input contains 204 frames
[2025-03-07 17:19:27,300] root - INFO - Succesfully read C:\Users\106761\Desktop\Robotic_arm\Coding Space\proper_code_imple_4_classes\artifacts\input contains 205 frames
[2025-03-07 17:19:27,311] root - INFO - Succesfully read C:\Users\106761\Desktop\Robotic_arm\Coding Space\proper_code_imple_4_classes\artifacts\input contains 206 frames
[2025-03-07 17:19:27,319] root - INFO - Succesfully read C:\Users\106761\Desktop\Robotic_arm\Coding Space\proper_code_imple_4_classes\artifacts\input contains 207 frames
[2025-03-07 17:19:27,326] root - INFO - Succesfully read C:\Users\106761\Desktop\Robotic_arm\Coding Space\proper_code_imple_4_classes\artifacts\input contains 208 frames
[2025-03-07 17:19:27,334] root - INFO - Succesfully read C:\Users\106761\Desktop\Robotic_arm\Coding Space\proper_code_imple_4_classes\artifacts\input contains 209 frames
[2025-03-07 17:19:27,343] root - INFO - Succesfully read C:\Users\106761\Desktop\Robotic_arm\Coding Space\proper_code_imple_4_classes\artifacts\input contains 210 frames
[2025-03-07 17:19:27,350] root - INFO - Succesfully read C:\Users\106761\Desktop\Robotic_arm\Coding Space\proper_code_imple_4_classes\artifacts\input contains 211 frames
[2025-03-07 17:19:27,359] root - INFO - Succesfully read C:\Users\106761\Desktop\Robotic_arm\Coding Space\proper_code_imple_4_classes\artifacts\input contains 212 frames
[2025-03-07 17:19:27,366] root - INFO - Succesfully read C:\Users\106761\Desktop\Robotic_arm\Coding Space\proper_code_imple_4_classes\artifacts\input contains 213 frames
[2025-03-07 17:19:27,373] root - INFO - Succesfully read C:\Users\106761\Desktop\Robotic_arm\Coding Space\proper_code_imple_4_classes\artifacts\input contains 214 frames
[2025-03-07 17:19:27,380] root - INFO - Succesfully read C:\Users\106761\Desktop\Robotic_arm\Coding Space\proper_code_imple_4_classes\artifacts\input contains 215 frames
[2025-03-07 17:19:27,386] root - INFO - Succesfully read C:\Users\106761\Desktop\Robotic_arm\Coding Space\proper_code_imple_4_classes\artifacts\input contains 216 frames
[2025-03-07 17:19:27,392] root - INFO - Succesfully read C:\Users\106761\Desktop\Robotic_arm\Coding Space\proper_code_imple_4_classes\artifacts\input contains 217 frames
[2025-03-07 17:19:27,399] root - INFO - Succesfully read C:\Users\106761\Desktop\Robotic_arm\Coding Space\proper_code_imple_4_classes\artifacts\input contains 218 frames
[2025-03-07 17:19:27,407] root - INFO - Succesfully read C:\Users\106761\Desktop\Robotic_arm\Coding Space\proper_code_imple_4_classes\artifacts\input contains 219 frames
[2025-03-07 17:19:27,414] root - INFO - Succesfully read C:\Users\106761\Desktop\Robotic_arm\Coding Space\proper_code_imple_4_classes\artifacts\input contains 220 frames
[2025-03-07 17:19:27,422] root - INFO - Succesfully read C:\Users\106761\Desktop\Robotic_arm\Coding Space\proper_code_imple_4_classes\artifacts\input contains 221 frames
[2025-03-07 17:19:27,428] root - INFO - Succesfully read C:\Users\106761\Desktop\Robotic_arm\Coding Space\proper_code_imple_4_classes\artifacts\input contains 222 frames
[2025-03-07 17:19:27,434] root - INFO - Succesfully read C:\Users\106761\Desktop\Robotic_arm\Coding Space\proper_code_imple_4_classes\artifacts\input contains 223 frames
[2025-03-07 17:19:27,441] root - INFO - Succesfully read C:\Users\106761\Desktop\Robotic_arm\Coding Space\proper_code_imple_4_classes\artifacts\input contains 224 frames
[2025-03-07 17:19:27,446] root - INFO - Succesfully read C:\Users\106761\Desktop\Robotic_arm\Coding Space\proper_code_imple_4_classes\artifacts\input contains 225 frames
[2025-03-07 17:19:27,453] root - INFO - Succesfully read C:\Users\106761\Desktop\Robotic_arm\Coding Space\proper_code_imple_4_classes\artifacts\input contains 226 frames
[2025-03-07 17:19:27,462] root - INFO - Succesfully read C:\Users\106761\Desktop\Robotic_arm\Coding Space\proper_code_imple_4_classes\artifacts\input contains 227 frames
[2025-03-07 17:19:27,470] root - INFO - Succesfully read C:\Users\106761\Desktop\Robotic_arm\Coding Space\proper_code_imple_4_classes\artifacts\input contains 228 frames
[2025-03-07 17:19:27,478] root - INFO - Succesfully read C:\Users\106761\Desktop\Robotic_arm\Coding Space\proper_code_imple_4_classes\artifacts\input contains 229 frames
[2025-03-07 17:19:27,484] root - INFO - Succesfully read C:\Users\106761\Desktop\Robotic_arm\Coding Space\proper_code_imple_4_classes\artifacts\input contains 230 frames
[2025-03-07 17:19:27,490] root - INFO - Succesfully read C:\Users\106761\Desktop\Robotic_arm\Coding Space\proper_code_imple_4_classes\artifacts\input contains 231 frames
[2025-03-07 17:19:27,496] root - INFO - Succesfully read C:\Users\106761\Desktop\Robotic_arm\Coding Space\proper_code_imple_4_classes\artifacts\input contains 232 frames
[2025-03-07 17:19:27,506] root - INFO - Succesfully read C:\Users\106761\Desktop\Robotic_arm\Coding Space\proper_code_imple_4_classes\artifacts\input contains 233 frames
[2025-03-07 17:19:27,511] root - INFO - Succesfully read C:\Users\106761\Desktop\Robotic_arm\Coding Space\proper_code_imple_4_classes\artifacts\input contains 234 frames
[2025-03-07 17:19:27,517] root - INFO - Succesfully read C:\Users\106761\Desktop\Robotic_arm\Coding Space\proper_code_imple_4_classes\artifacts\input contains 235 frames
[2025-03-07 17:19:27,524] root - INFO - Succesfully read C:\Users\106761\Desktop\Robotic_arm\Coding Space\proper_code_imple_4_classes\artifacts\input contains 236 frames
[2025-03-07 17:19:27,529] root - INFO - Succesfully read C:\Users\106761\Desktop\Robotic_arm\Coding Space\proper_code_imple_4_classes\artifacts\input contains 237 frames
[2025-03-07 17:19:27,536] root - INFO - Succesfully read C:\Users\106761\Desktop\Robotic_arm\Coding Space\proper_code_imple_4_classes\artifacts\input contains 238 frames
[2025-03-07 17:19:27,544] root - INFO - Succesfully read C:\Users\106761\Desktop\Robotic_arm\Coding Space\proper_code_imple_4_classes\artifacts\input contains 239 frames
[2025-03-07 17:19:27,552] root - INFO - Succesfully read C:\Users\106761\Desktop\Robotic_arm\Coding Space\proper_code_imple_4_classes\artifacts\input contains 240 frames
[2025-03-07 17:19:27,560] root - INFO - Succesfully read C:\Users\106761\Desktop\Robotic_arm\Coding Space\proper_code_imple_4_classes\artifacts\input contains 241 frames
[2025-03-07 17:19:27,568] root - INFO - Succesfully read C:\Users\106761\Desktop\Robotic_arm\Coding Space\proper_code_imple_4_classes\artifacts\input contains 242 frames
[2025-03-07 17:19:27,574] root - INFO - Succesfully read C:\Users\106761\Desktop\Robotic_arm\Coding Space\proper_code_imple_4_classes\artifacts\input contains 243 frames
[2025-03-07 17:19:27,582] root - INFO - Succesfully read C:\Users\106761\Desktop\Robotic_arm\Coding Space\proper_code_imple_4_classes\artifacts\input contains 244 frames
[2025-03-07 17:19:27,590] root - INFO - Succesfully read C:\Users\106761\Desktop\Robotic_arm\Coding Space\proper_code_imple_4_classes\artifacts\input contains 245 frames
[2025-03-07 17:19:27,598] root - INFO - Succesfully read C:\Users\106761\Desktop\Robotic_arm\Coding Space\proper_code_imple_4_classes\artifacts\input contains 246 frames
[2025-03-07 17:19:27,606] root - INFO - Succesfully read C:\Users\106761\Desktop\Robotic_arm\Coding Space\proper_code_imple_4_classes\artifacts\input contains 247 frames
[2025-03-07 17:19:27,613] root - INFO - Succesfully read C:\Users\106761\Desktop\Robotic_arm\Coding Space\proper_code_imple_4_classes\artifacts\input contains 248 frames
[2025-03-07 17:19:27,621] root - INFO - Succesfully read C:\Users\106761\Desktop\Robotic_arm\Coding Space\proper_code_imple_4_classes\artifacts\input contains 249 frames
[2025-03-07 17:19:27,629] root - INFO - Succesfully read C:\Users\106761\Desktop\Robotic_arm\Coding Space\proper_code_imple_4_classes\artifacts\input contains 250 frames
[2025-03-07 17:19:27,634] root - INFO - Succesfully read C:\Users\106761\Desktop\Robotic_arm\Coding Space\proper_code_imple_4_classes\artifacts\input contains 251 frames
[2025-03-07 17:19:27,641] root - INFO - Succesfully read C:\Users\106761\Desktop\Robotic_arm\Coding Space\proper_code_imple_4_classes\artifacts\input contains 252 frames
[2025-03-07 17:19:27,646] root - INFO - Succesfully read C:\Users\106761\Desktop\Robotic_arm\Coding Space\proper_code_imple_4_classes\artifacts\input contains 253 frames
[2025-03-07 17:19:27,653] root - INFO - Succesfully read C:\Users\106761\Desktop\Robotic_arm\Coding Space\proper_code_imple_4_classes\artifacts\input contains 254 frames
[2025-03-07 17:19:27,661] root - INFO - Succesfully read C:\Users\106761\Desktop\Robotic_arm\Coding Space\proper_code_imple_4_classes\artifacts\input contains 255 frames
[2025-03-07 17:19:27,667] root - INFO - Succesfully read C:\Users\106761\Desktop\Robotic_arm\Coding Space\proper_code_imple_4_classes\artifacts\input contains 256 frames
[2025-03-07 17:19:27,675] root - INFO - Succesfully read C:\Users\106761\Desktop\Robotic_arm\Coding Space\proper_code_imple_4_classes\artifacts\input contains 257 frames
[2025-03-07 17:19:27,685] root - INFO - Succesfully read C:\Users\106761\Desktop\Robotic_arm\Coding Space\proper_code_imple_4_classes\artifacts\input contains 258 frames
[2025-03-07 17:19:27,695] root - INFO - Succesfully read C:\Users\106761\Desktop\Robotic_arm\Coding Space\proper_code_imple_4_classes\artifacts\input contains 259 frames
[2025-03-07 17:19:27,701] root - INFO - Succesfully read C:\Users\106761\Desktop\Robotic_arm\Coding Space\proper_code_imple_4_classes\artifacts\input contains 260 frames
[2025-03-07 17:19:27,710] root - INFO - Succesfully read C:\Users\106761\Desktop\Robotic_arm\Coding Space\proper_code_imple_4_classes\artifacts\input contains 261 frames
[2025-03-07 17:19:27,720] root - INFO - Succesfully read C:\Users\106761\Desktop\Robotic_arm\Coding Space\proper_code_imple_4_classes\artifacts\input contains 262 frames
[2025-03-07 17:19:27,729] root - INFO - Succesfully read C:\Users\106761\Desktop\Robotic_arm\Coding Space\proper_code_imple_4_classes\artifacts\input contains 263 frames
[2025-03-07 17:19:27,738] root - INFO - Succesfully read C:\Users\106761\Desktop\Robotic_arm\Coding Space\proper_code_imple_4_classes\artifacts\input contains 264 frames
[2025-03-07 17:19:27,746] root - INFO - Succesfully read C:\Users\106761\Desktop\Robotic_arm\Coding Space\proper_code_imple_4_classes\artifacts\input contains 265 frames
[2025-03-07 17:19:27,755] root - INFO - Succesfully read C:\Users\106761\Desktop\Robotic_arm\Coding Space\proper_code_imple_4_classes\artifacts\input contains 266 frames
[2025-03-07 17:19:27,765] root - INFO - Succesfully read C:\Users\106761\Desktop\Robotic_arm\Coding Space\proper_code_imple_4_classes\artifacts\input contains 267 frames
[2025-03-07 17:19:27,772] root - INFO - Succesfully read C:\Users\106761\Desktop\Robotic_arm\Coding Space\proper_code_imple_4_classes\artifacts\input contains 268 frames
[2025-03-07 17:19:27,780] root - INFO - Succesfully read C:\Users\106761\Desktop\Robotic_arm\Coding Space\proper_code_imple_4_classes\artifacts\input contains 269 frames
[2025-03-07 17:19:27,788] root - INFO - Succesfully read C:\Users\106761\Desktop\Robotic_arm\Coding Space\proper_code_imple_4_classes\artifacts\input contains 270 frames
[2025-03-07 17:19:27,797] root - INFO - Succesfully read C:\Users\106761\Desktop\Robotic_arm\Coding Space\proper_code_imple_4_classes\artifacts\input contains 271 frames
[2025-03-07 17:19:27,804] root - INFO - Succesfully read C:\Users\106761\Desktop\Robotic_arm\Coding Space\proper_code_imple_4_classes\artifacts\input contains 272 frames
[2025-03-07 17:19:27,812] root - INFO - Succesfully read C:\Users\106761\Desktop\Robotic_arm\Coding Space\proper_code_imple_4_classes\artifacts\input contains 273 frames
[2025-03-07 17:19:27,821] root - INFO - Succesfully read C:\Users\106761\Desktop\Robotic_arm\Coding Space\proper_code_imple_4_classes\artifacts\input contains 274 frames
[2025-03-07 17:19:27,829] root - INFO - Succesfully read C:\Users\106761\Desktop\Robotic_arm\Coding Space\proper_code_imple_4_classes\artifacts\input contains 275 frames
[2025-03-07 17:19:27,837] root - INFO - Succesfully read C:\Users\106761\Desktop\Robotic_arm\Coding Space\proper_code_imple_4_classes\artifacts\input contains 276 frames
[2025-03-07 17:19:27,845] root - INFO - Succesfully read C:\Users\106761\Desktop\Robotic_arm\Coding Space\proper_code_imple_4_classes\artifacts\input contains 277 frames
[2025-03-07 17:19:27,853] root - INFO - Succesfully read C:\Users\106761\Desktop\Robotic_arm\Coding Space\proper_code_imple_4_classes\artifacts\input contains 278 frames
[2025-03-07 17:19:27,860] root - INFO - Succesfully read C:\Users\106761\Desktop\Robotic_arm\Coding Space\proper_code_imple_4_classes\artifacts\input contains 279 frames
[2025-03-07 17:19:27,868] root - INFO - Succesfully read C:\Users\106761\Desktop\Robotic_arm\Coding Space\proper_code_imple_4_classes\artifacts\input contains 280 frames
[2025-03-07 17:19:27,875] root - INFO - Succesfully read C:\Users\106761\Desktop\Robotic_arm\Coding Space\proper_code_imple_4_classes\artifacts\input contains 281 frames
[2025-03-07 17:19:27,884] root - INFO - Succesfully read C:\Users\106761\Desktop\Robotic_arm\Coding Space\proper_code_imple_4_classes\artifacts\input contains 282 frames
[2025-03-07 17:19:27,891] root - INFO - Succesfully read C:\Users\106761\Desktop\Robotic_arm\Coding Space\proper_code_imple_4_classes\artifacts\input contains 283 frames
[2025-03-07 17:19:27,899] root - INFO - Succesfully read C:\Users\106761\Desktop\Robotic_arm\Coding Space\proper_code_imple_4_classes\artifacts\input contains 284 frames
[2025-03-07 17:19:27,907] root - INFO - Succesfully read C:\Users\106761\Desktop\Robotic_arm\Coding Space\proper_code_imple_4_classes\artifacts\input contains 285 frames
[2025-03-07 17:19:27,915] root - INFO - Succesfully read C:\Users\106761\Desktop\Robotic_arm\Coding Space\proper_code_imple_4_classes\artifacts\input contains 286 frames
[2025-03-07 17:19:27,923] root - INFO - Succesfully read C:\Users\106761\Desktop\Robotic_arm\Coding Space\proper_code_imple_4_classes\artifacts\input contains 287 frames
[2025-03-07 17:19:27,932] root - INFO - Succesfully read C:\Users\106761\Desktop\Robotic_arm\Coding Space\proper_code_imple_4_classes\artifacts\input contains 288 frames
[2025-03-07 17:19:27,942] root - INFO - Succesfully read C:\Users\106761\Desktop\Robotic_arm\Coding Space\proper_code_imple_4_classes\artifacts\input contains 289 frames
[2025-03-07 17:19:27,951] root - INFO - Succesfully read C:\Users\106761\Desktop\Robotic_arm\Coding Space\proper_code_imple_4_classes\artifacts\input contains 290 frames
[2025-03-07 17:19:27,960] root - INFO - Succesfully read C:\Users\106761\Desktop\Robotic_arm\Coding Space\proper_code_imple_4_classes\artifacts\input contains 291 frames
[2025-03-07 17:19:27,966] root - INFO - Succesfully read C:\Users\106761\Desktop\Robotic_arm\Coding Space\proper_code_imple_4_classes\artifacts\input contains 292 frames
[2025-03-07 17:19:27,971] root - INFO - Succesfully read C:\Users\106761\Desktop\Robotic_arm\Coding Space\proper_code_imple_4_classes\artifacts\input contains 293 frames
[2025-03-07 17:19:27,977] root - INFO - Succesfully read C:\Users\106761\Desktop\Robotic_arm\Coding Space\proper_code_imple_4_classes\artifacts\input contains 294 frames
[2025-03-07 17:19:27,982] root - INFO - Succesfully read C:\Users\106761\Desktop\Robotic_arm\Coding Space\proper_code_imple_4_classes\artifacts\input contains 295 frames
[2025-03-07 17:19:27,990] root - INFO - Succesfully read C:\Users\106761\Desktop\Robotic_arm\Coding Space\proper_code_imple_4_classes\artifacts\input contains 296 frames
[2025-03-07 17:19:27,998] root - INFO - Succesfully read C:\Users\106761\Desktop\Robotic_arm\Coding Space\proper_code_imple_4_classes\artifacts\input contains 297 frames
[2025-03-07 17:19:28,006] root - INFO - Succesfully read C:\Users\106761\Desktop\Robotic_arm\Coding Space\proper_code_imple_4_classes\artifacts\input contains 298 frames
[2025-03-07 17:19:28,013] root - INFO - Succesfully read C:\Users\106761\Desktop\Robotic_arm\Coding Space\proper_code_imple_4_classes\artifacts\input contains 299 frames
[2025-03-07 17:19:28,019] root - INFO - Succesfully read C:\Users\106761\Desktop\Robotic_arm\Coding Space\proper_code_imple_4_classes\artifacts\input contains 300 frames
[2025-03-07 17:19:28,026] root - INFO - Succesfully read C:\Users\106761\Desktop\Robotic_arm\Coding Space\proper_code_imple_4_classes\artifacts\input contains 301 frames
[2025-03-07 17:19:28,033] root - INFO - Succesfully read C:\Users\106761\Desktop\Robotic_arm\Coding Space\proper_code_imple_4_classes\artifacts\input contains 302 frames
[2025-03-07 17:19:28,039] root - INFO - Succesfully read C:\Users\106761\Desktop\Robotic_arm\Coding Space\proper_code_imple_4_classes\artifacts\input contains 303 frames
[2025-03-07 17:19:28,045] root - INFO - Succesfully read C:\Users\106761\Desktop\Robotic_arm\Coding Space\proper_code_imple_4_classes\artifacts\input contains 304 frames
[2025-03-07 17:19:28,051] root - INFO - Succesfully read C:\Users\106761\Desktop\Robotic_arm\Coding Space\proper_code_imple_4_classes\artifacts\input contains 305 frames
[2025-03-07 17:19:28,060] root - INFO - Succesfully read C:\Users\106761\Desktop\Robotic_arm\Coding Space\proper_code_imple_4_classes\artifacts\input contains 306 frames
[2025-03-07 17:19:28,065] root - INFO - Succesfully read C:\Users\106761\Desktop\Robotic_arm\Coding Space\proper_code_imple_4_classes\artifacts\input contains 307 frames
[2025-03-07 17:19:28,072] root - INFO - Succesfully read C:\Users\106761\Desktop\Robotic_arm\Coding Space\proper_code_imple_4_classes\artifacts\input contains 308 frames
[2025-03-07 17:19:28,080] root - INFO - Succesfully read C:\Users\106761\Desktop\Robotic_arm\Coding Space\proper_code_imple_4_classes\artifacts\input contains 309 frames
[2025-03-07 17:19:28,087] root - INFO - Succesfully read C:\Users\106761\Desktop\Robotic_arm\Coding Space\proper_code_imple_4_classes\artifacts\input contains 310 frames
[2025-03-07 17:19:28,093] root - INFO - Succesfully read C:\Users\106761\Desktop\Robotic_arm\Coding Space\proper_code_imple_4_classes\artifacts\input contains 311 frames
[2025-03-07 17:19:28,098] root - INFO - Succesfully read C:\Users\106761\Desktop\Robotic_arm\Coding Space\proper_code_imple_4_classes\artifacts\input contains 312 frames
[2025-03-07 17:19:28,103] root - INFO - Succesfully read C:\Users\106761\Desktop\Robotic_arm\Coding Space\proper_code_imple_4_classes\artifacts\input contains 313 frames
[2025-03-07 17:19:28,108] root - INFO - Succesfully read C:\Users\106761\Desktop\Robotic_arm\Coding Space\proper_code_imple_4_classes\artifacts\input contains 314 frames
[2025-03-07 17:19:28,114] root - INFO - Succesfully read C:\Users\106761\Desktop\Robotic_arm\Coding Space\proper_code_imple_4_classes\artifacts\input contains 315 frames
[2025-03-07 17:19:28,119] root - INFO - Succesfully read C:\Users\106761\Desktop\Robotic_arm\Coding Space\proper_code_imple_4_classes\artifacts\input contains 316 frames
[2025-03-07 17:19:28,124] root - INFO - Succesfully read C:\Users\106761\Desktop\Robotic_arm\Coding Space\proper_code_imple_4_classes\artifacts\input contains 317 frames
[2025-03-07 17:19:28,129] root - INFO - Succesfully read C:\Users\106761\Desktop\Robotic_arm\Coding Space\proper_code_imple_4_classes\artifacts\input contains 318 frames
[2025-03-07 17:19:28,134] root - INFO - Succesfully read C:\Users\106761\Desktop\Robotic_arm\Coding Space\proper_code_imple_4_classes\artifacts\input contains 319 frames
[2025-03-07 17:19:28,142] root - INFO - Succesfully read C:\Users\106761\Desktop\Robotic_arm\Coding Space\proper_code_imple_4_classes\artifacts\input contains 320 frames
[2025-03-07 17:19:28,148] root - INFO - Succesfully read C:\Users\106761\Desktop\Robotic_arm\Coding Space\proper_code_imple_4_classes\artifacts\input contains 321 frames
[2025-03-07 17:19:28,154] root - INFO - Succesfully read C:\Users\106761\Desktop\Robotic_arm\Coding Space\proper_code_imple_4_classes\artifacts\input contains 322 frames
[2025-03-07 17:19:28,160] root - INFO - Succesfully read C:\Users\106761\Desktop\Robotic_arm\Coding Space\proper_code_imple_4_classes\artifacts\input contains 323 frames
[2025-03-07 17:19:28,167] root - INFO - Succesfully read C:\Users\106761\Desktop\Robotic_arm\Coding Space\proper_code_imple_4_classes\artifacts\input contains 324 frames
[2025-03-07 17:19:28,172] root - INFO - Succesfully read C:\Users\106761\Desktop\Robotic_arm\Coding Space\proper_code_imple_4_classes\artifacts\input contains 325 frames
[2025-03-07 17:19:28,179] root - INFO - Succesfully read C:\Users\106761\Desktop\Robotic_arm\Coding Space\proper_code_imple_4_classes\artifacts\input contains 326 frames
[2025-03-07 17:19:28,186] root - INFO - Succesfully read C:\Users\106761\Desktop\Robotic_arm\Coding Space\proper_code_imple_4_classes\artifacts\input contains 327 frames
[2025-03-07 17:19:28,193] root - INFO - Succesfully read C:\Users\106761\Desktop\Robotic_arm\Coding Space\proper_code_imple_4_classes\artifacts\input contains 328 frames
[2025-03-07 17:19:28,199] root - INFO - Succesfully read C:\Users\106761\Desktop\Robotic_arm\Coding Space\proper_code_imple_4_classes\artifacts\input contains 329 frames
[2025-03-07 17:19:28,206] root - INFO - Succesfully read C:\Users\106761\Desktop\Robotic_arm\Coding Space\proper_code_imple_4_classes\artifacts\input contains 330 frames
[2025-03-07 17:19:28,212] root - INFO - Succesfully read C:\Users\106761\Desktop\Robotic_arm\Coding Space\proper_code_imple_4_classes\artifacts\input contains 331 frames
[2025-03-07 17:19:28,219] root - INFO - Succesfully read C:\Users\106761\Desktop\Robotic_arm\Coding Space\proper_code_imple_4_classes\artifacts\input contains 332 frames
[2025-03-07 17:19:28,225] root - INFO - Succesfully read C:\Users\106761\Desktop\Robotic_arm\Coding Space\proper_code_imple_4_classes\artifacts\input contains 333 frames
[2025-03-07 17:19:28,232] root - INFO - Succesfully read C:\Users\106761\Desktop\Robotic_arm\Coding Space\proper_code_imple_4_classes\artifacts\input contains 334 frames
[2025-03-07 17:19:28,239] root - INFO - Succesfully read C:\Users\106761\Desktop\Robotic_arm\Coding Space\proper_code_imple_4_classes\artifacts\input contains 335 frames
[2025-03-07 17:19:28,245] root - INFO - Succesfully read C:\Users\106761\Desktop\Robotic_arm\Coding Space\proper_code_imple_4_classes\artifacts\input contains 336 frames
[2025-03-07 17:19:28,250] root - INFO - Succesfully read C:\Users\106761\Desktop\Robotic_arm\Coding Space\proper_code_imple_4_classes\artifacts\input contains 337 frames
[2025-03-07 17:19:28,256] root - INFO - Succesfully read C:\Users\106761\Desktop\Robotic_arm\Coding Space\proper_code_imple_4_classes\artifacts\input contains 338 frames
[2025-03-07 17:19:28,262] root - INFO - Succesfully read C:\Users\106761\Desktop\Robotic_arm\Coding Space\proper_code_imple_4_classes\artifacts\input contains 339 frames
[2025-03-07 17:19:28,269] root - INFO - Succesfully read C:\Users\106761\Desktop\Robotic_arm\Coding Space\proper_code_imple_4_classes\artifacts\input contains 340 frames
[2025-03-07 17:19:28,275] root - INFO - Succesfully read C:\Users\106761\Desktop\Robotic_arm\Coding Space\proper_code_imple_4_classes\artifacts\input contains 341 frames
[2025-03-07 17:19:28,280] root - INFO - Succesfully read C:\Users\106761\Desktop\Robotic_arm\Coding Space\proper_code_imple_4_classes\artifacts\input contains 342 frames
[2025-03-07 17:19:28,288] root - INFO - Succesfully read C:\Users\106761\Desktop\Robotic_arm\Coding Space\proper_code_imple_4_classes\artifacts\input contains 343 frames
[2025-03-07 17:19:28,293] root - INFO - Succesfully read C:\Users\106761\Desktop\Robotic_arm\Coding Space\proper_code_imple_4_classes\artifacts\input contains 344 frames
[2025-03-07 17:19:28,298] root - INFO - Succesfully read C:\Users\106761\Desktop\Robotic_arm\Coding Space\proper_code_imple_4_classes\artifacts\input contains 345 frames
[2025-03-07 17:19:28,304] root - INFO - Succesfully read C:\Users\106761\Desktop\Robotic_arm\Coding Space\proper_code_imple_4_classes\artifacts\input contains 346 frames
[2025-03-07 17:19:28,309] root - INFO - Succesfully read C:\Users\106761\Desktop\Robotic_arm\Coding Space\proper_code_imple_4_classes\artifacts\input contains 347 frames
[2025-03-07 17:19:28,316] root - INFO - Succesfully read C:\Users\106761\Desktop\Robotic_arm\Coding Space\proper_code_imple_4_classes\artifacts\input contains 348 frames
[2025-03-07 17:19:28,323] root - INFO - Succesfully read C:\Users\106761\Desktop\Robotic_arm\Coding Space\proper_code_imple_4_classes\artifacts\input contains 349 frames
[2025-03-07 17:19:28,330] root - INFO - Succesfully read C:\Users\106761\Desktop\Robotic_arm\Coding Space\proper_code_imple_4_classes\artifacts\input contains 350 frames
[2025-03-07 17:19:28,336] root - INFO - Succesfully read C:\Users\106761\Desktop\Robotic_arm\Coding Space\proper_code_imple_4_classes\artifacts\input contains 351 frames
[2025-03-07 17:19:28,342] root - INFO - Succesfully read C:\Users\106761\Desktop\Robotic_arm\Coding Space\proper_code_imple_4_classes\artifacts\input contains 352 frames
[2025-03-07 17:19:28,347] root - INFO - Succesfully read C:\Users\106761\Desktop\Robotic_arm\Coding Space\proper_code_imple_4_classes\artifacts\input contains 353 frames
[2025-03-07 17:19:28,353] root - INFO - Succesfully read C:\Users\106761\Desktop\Robotic_arm\Coding Space\proper_code_imple_4_classes\artifacts\input contains 354 frames
[2025-03-07 17:19:28,358] root - INFO - Succesfully read C:\Users\106761\Desktop\Robotic_arm\Coding Space\proper_code_imple_4_classes\artifacts\input contains 355 frames
[2025-03-07 17:19:28,363] root - INFO - Succesfully read C:\Users\106761\Desktop\Robotic_arm\Coding Space\proper_code_imple_4_classes\artifacts\input contains 356 frames
[2025-03-07 17:19:28,369] root - INFO - Succesfully read C:\Users\106761\Desktop\Robotic_arm\Coding Space\proper_code_imple_4_classes\artifacts\input contains 357 frames
[2025-03-07 17:19:28,374] root - INFO - Succesfully read C:\Users\106761\Desktop\Robotic_arm\Coding Space\proper_code_imple_4_classes\artifacts\input contains 358 frames
[2025-03-07 17:19:28,380] root - INFO - Succesfully read C:\Users\106761\Desktop\Robotic_arm\Coding Space\proper_code_imple_4_classes\artifacts\input contains 359 frames
[2025-03-07 17:19:28,385] root - INFO - Succesfully read C:\Users\106761\Desktop\Robotic_arm\Coding Space\proper_code_imple_4_classes\artifacts\input contains 360 frames
[2025-03-07 17:19:28,385] root - INFO - The frame was read successfully
[2025-03-07 17:19:28,481] root - INFO - The model used is C:\Users\106761\Desktop\Robotic_arm\Coding Space\proper_code_imple_4_classes\artifacts\models with confidence value 0.3
[2025-03-07 17:19:28,482] root - INFO - The previous detection results are loaded from C:\Users\106761\Desktop\Robotic_arm\Coding Space\proper_code_imple_4_classes\artifacts\stubs\tracked_features.pkl
[2025-03-07 17:19:33,888] root - INFO - Successfully saved output_videos/output_video.avi
