[2025-03-07 17:21:19,711] root - INFO - ROOT_DIR -> C:\Users\106761\Desktop\Robotic_arm\Coding Space\proper_code_imple_4_classes
[2025-03-07 17:21:19,711] root - INFO - DATASET_PATH -> C:\Users\106761\Desktop\Robotic_arm\Coding Space\proper_code_imple_4_classes\artifacts\data\data.yaml
[2025-03-07 17:21:19,711] root - INFO - MODEL_PATH -> C:\Users\106761\Desktop\Robotic_arm\Coding Space\proper_code_imple_4_classes\artifacts\models\version_1.pt
[2025-03-07 17:21:19,711] root - INFO - STUB_PATH -> C:\Users\106761\Desktop\Robotic_arm\Coding Space\proper_code_imple_4_classes\artifacts\stubs\tracked_features.pkl
[2025-03-07 17:21:19,711] root - INFO - INPUT_PATH -> C:\Users\106761\Desktop\Robotic_arm\Coding Space\proper_code_imple_4_classes\artifacts\input\type3N.MOV
[2025-03-07 17:21:19,857] root - INFO - Succesfully read C:\Users\106761\Desktop\Robotic_arm\Coding Space\proper_code_imple_4_classes\artifacts\input contains 1 frames
[2025-03-07 17:21:19,865] root - INFO - Succesfully read C:\Users\106761\Desktop\Robotic_arm\Coding Space\proper_code_imple_4_classes\artifacts\input contains 2 frames
[2025-03-07 17:21:19,872] root - INFO - Succesfully read C:\Users\106761\Desktop\Robotic_arm\Coding Space\proper_code_imple_4_classes\artifacts\input contains 3 frames
[2025-03-07 17:21:19,879] root - INFO - Succesfully read C:\Users\106761\Desktop\Robotic_arm\Coding Space\proper_code_imple_4_classes\artifacts\input contains 4 frames
[2025-03-07 17:21:19,885] root - INFO - Succesfully read C:\Users\106761\Desktop\Robotic_arm\Coding Space\proper_code_imple_4_classes\artifacts\input contains 5 frames
[2025-03-07 17:21:19,891] root - INFO - Succesfully read C:\Users\106761\Desktop\Robotic_arm\Coding Space\proper_code_imple_4_classes\artifacts\input contains 6 frames
[2025-03-07 17:21:19,897] root - INFO - Succesfully read C:\Users\106761\Desktop\Robotic_arm\Coding Space\proper_code_imple_4_classes\artifacts\input contains 7 frames
[2025-03-07 17:21:19,904] root - INFO - Succesfully read C:\Users\106761\Desktop\Robotic_arm\Coding Space\proper_code_imple_4_classes\artifacts\input contains 8 frames
[2025-03-07 17:21:19,911] root - INFO - Succesfully read C:\Users\106761\Desktop\Robotic_arm\Coding Space\proper_code_imple_4_classes\artifacts\input contains 9 frames
[2025-03-07 17:21:19,919] root - INFO - Succesfully read C:\Users\106761\Desktop\Robotic_arm\Coding Space\proper_code_imple_4_classes\artifacts\input contains 10 frames
[2025-03-07 17:21:19,925] root - INFO - Succesfully read C:\Users\106761\Desktop\Robotic_arm\Coding Space\proper_code_imple_4_classes\artifacts\input contains 11 frames
[2025-03-07 17:21:19,932] root - INFO - Succesfully read C:\Users\106761\Desktop\Robotic_arm\Coding Space\proper_code_imple_4_classes\artifacts\input contains 12 frames
[2025-03-07 17:21:19,938] root - INFO - Succesfully read C:\Users\106761\Desktop\Robotic_arm\Coding Space\proper_code_imple_4_classes\artifacts\input contains 13 frames
[2025-03-07 17:21:19,944] root - INFO - Succesfully read C:\Users\106761\Desktop\Robotic_arm\Coding Space\proper_code_imple_4_classes\artifacts\input contains 14 frames
[2025-03-07 17:21:19,949] root - INFO - Succesfully read C:\Users\106761\Desktop\Robotic_arm\Coding Space\proper_code_imple_4_classes\artifacts\input contains 15 frames
[2025-03-07 17:21:19,955] root - INFO - Succesfully read C:\Users\106761\Desktop\Robotic_arm\Coding Space\proper_code_imple_4_classes\artifacts\input contains 16 frames
[2025-03-07 17:21:19,962] root - INFO - Succesfully read C:\Users\106761\Desktop\Robotic_arm\Coding Space\proper_code_imple_4_classes\artifacts\input contains 17 frames
[2025-03-07 17:21:19,968] root - INFO - Succesfully read C:\Users\106761\Desktop\Robotic_arm\Coding Space\proper_code_imple_4_classes\artifacts\input contains 18 frames
[2025-03-07 17:21:19,974] root - INFO - Succesfully read C:\Users\106761\Desktop\Robotic_arm\Coding Space\proper_code_imple_4_classes\artifacts\input contains 19 frames
[2025-03-07 17:21:19,980] root - INFO - Succesfully read C:\Users\106761\Desktop\Robotic_arm\Coding Space\proper_code_imple_4_classes\artifacts\input contains 20 frames
[2025-03-07 17:21:19,986] root - INFO - Succesfully read C:\Users\106761\Desktop\Robotic_arm\Coding Space\proper_code_imple_4_classes\artifacts\input contains 21 frames
[2025-03-07 17:21:19,992] root - INFO - Succesfully read C:\Users\106761\Desktop\Robotic_arm\Coding Space\proper_code_imple_4_classes\artifacts\input contains 22 frames
[2025-03-07 17:21:19,999] root - INFO - Succesfully read C:\Users\106761\Desktop\Robotic_arm\Coding Space\proper_code_imple_4_classes\artifacts\input contains 23 frames
[2025-03-07 17:21:20,006] root - INFO - Succesfully read C:\Users\106761\Desktop\Robotic_arm\Coding Space\proper_code_imple_4_classes\artifacts\input contains 24 frames
[2025-03-07 17:21:20,014] root - INFO - Succesfully read C:\Users\106761\Desktop\Robotic_arm\Coding Space\proper_code_imple_4_classes\artifacts\input contains 25 frames
[2025-03-07 17:21:20,022] root - INFO - Succesfully read C:\Users\106761\Desktop\Robotic_arm\Coding Space\proper_code_imple_4_classes\artifacts\input contains 26 frames
[2025-03-07 17:21:20,028] root - INFO - Succesfully read C:\Users\106761\Desktop\Robotic_arm\Coding Space\proper_code_imple_4_classes\artifacts\input contains 27 frames
[2025-03-07 17:21:20,037] root - INFO - Succesfully read C:\Users\106761\Desktop\Robotic_arm\Coding Space\proper_code_imple_4_classes\artifacts\input contains 28 frames
[2025-03-07 17:21:20,044] root - INFO - Succesfully read C:\Users\106761\Desktop\Robotic_arm\Coding Space\proper_code_imple_4_classes\artifacts\input contains 29 frames
[2025-03-07 17:21:20,052] root - INFO - Succesfully read C:\Users\106761\Desktop\Robotic_arm\Coding Space\proper_code_imple_4_classes\artifacts\input contains 30 frames
[2025-03-07 17:21:20,059] root - INFO - Succesfully read C:\Users\106761\Desktop\Robotic_arm\Coding Space\proper_code_imple_4_classes\artifacts\input contains 31 frames
[2025-03-07 17:21:20,070] root - INFO - Succesfully read C:\Users\106761\Desktop\Robotic_arm\Coding Space\proper_code_imple_4_classes\artifacts\input contains 32 frames
[2025-03-07 17:21:20,077] root - INFO - Succesfully read C:\Users\106761\Desktop\Robotic_arm\Coding Space\proper_code_imple_4_classes\artifacts\input contains 33 frames
[2025-03-07 17:21:20,085] root - INFO - Succesfully read C:\Users\106761\Desktop\Robotic_arm\Coding Space\proper_code_imple_4_classes\artifacts\input contains 34 frames
[2025-03-07 17:21:20,090] root - INFO - Succesfully read C:\Users\106761\Desktop\Robotic_arm\Coding Space\proper_code_imple_4_classes\artifacts\input contains 35 frames
[2025-03-07 17:21:20,100] root - INFO - Succesfully read C:\Users\106761\Desktop\Robotic_arm\Coding Space\proper_code_imple_4_classes\artifacts\input contains 36 frames
[2025-03-07 17:21:20,106] root - INFO - Succesfully read C:\Users\106761\Desktop\Robotic_arm\Coding Space\proper_code_imple_4_classes\artifacts\input contains 37 frames
[2025-03-07 17:21:20,114] root - INFO - Succesfully read C:\Users\106761\Desktop\Robotic_arm\Coding Space\proper_code_imple_4_classes\artifacts\input contains 38 frames
[2025-03-07 17:21:20,121] root - INFO - Succesfully read C:\Users\106761\Desktop\Robotic_arm\Coding Space\proper_code_imple_4_classes\artifacts\input contains 39 frames
[2025-03-07 17:21:20,128] root - INFO - Succesfully read C:\Users\106761\Desktop\Robotic_arm\Coding Space\proper_code_imple_4_classes\artifacts\input contains 40 frames
[2025-03-07 17:21:20,136] root - INFO - Succesfully read C:\Users\106761\Desktop\Robotic_arm\Coding Space\proper_code_imple_4_classes\artifacts\input contains 41 frames
[2025-03-07 17:21:20,143] root - INFO - Succesfully read C:\Users\106761\Desktop\Robotic_arm\Coding Space\proper_code_imple_4_classes\artifacts\input contains 42 frames
[2025-03-07 17:21:20,151] root - INFO - Succesfully read C:\Users\106761\Desktop\Robotic_arm\Coding Space\proper_code_imple_4_classes\artifacts\input contains 43 frames
[2025-03-07 17:21:20,158] root - INFO - Succesfully read C:\Users\106761\Desktop\Robotic_arm\Coding Space\proper_code_imple_4_classes\artifacts\input contains 44 frames
[2025-03-07 17:21:20,166] root - INFO - Succesfully read C:\Users\106761\Desktop\Robotic_arm\Coding Space\proper_code_imple_4_classes\artifacts\input contains 45 frames
[2025-03-07 17:21:20,174] root - INFO - Succesfully read C:\Users\106761\Desktop\Robotic_arm\Coding Space\proper_code_imple_4_classes\artifacts\input contains 46 frames
[2025-03-07 17:21:20,182] root - INFO - Succesfully read C:\Users\106761\Desktop\Robotic_arm\Coding Space\proper_code_imple_4_classes\artifacts\input contains 47 frames
[2025-03-07 17:21:20,188] root - INFO - Succesfully read C:\Users\106761\Desktop\Robotic_arm\Coding Space\proper_code_imple_4_classes\artifacts\input contains 48 frames
[2025-03-07 17:21:20,193] root - INFO - Succesfully read C:\Users\106761\Desktop\Robotic_arm\Coding Space\proper_code_imple_4_classes\artifacts\input contains 49 frames
[2025-03-07 17:21:20,202] root - INFO - Succesfully read C:\Users\106761\Desktop\Robotic_arm\Coding Space\proper_code_imple_4_classes\artifacts\input contains 50 frames
[2025-03-07 17:21:20,209] root - INFO - Succesfully read C:\Users\106761\Desktop\Robotic_arm\Coding Space\proper_code_imple_4_classes\artifacts\input contains 51 frames
[2025-03-07 17:21:20,218] root - INFO - Succesfully read C:\Users\106761\Desktop\Robotic_arm\Coding Space\proper_code_imple_4_classes\artifacts\input contains 52 frames
[2025-03-07 17:21:20,225] root - INFO - Succesfully read C:\Users\106761\Desktop\Robotic_arm\Coding Space\proper_code_imple_4_classes\artifacts\input contains 53 frames
[2025-03-07 17:21:20,230] root - INFO - Succesfully read C:\Users\106761\Desktop\Robotic_arm\Coding Space\proper_code_imple_4_classes\artifacts\input contains 54 frames
[2025-03-07 17:21:20,237] root - INFO - Succesfully read C:\Users\106761\Desktop\Robotic_arm\Coding Space\proper_code_imple_4_classes\artifacts\input contains 55 frames
[2025-03-07 17:21:20,243] root - INFO - Succesfully read C:\Users\106761\Desktop\Robotic_arm\Coding Space\proper_code_imple_4_classes\artifacts\input contains 56 frames
[2025-03-07 17:21:20,252] root - INFO - Succesfully read C:\Users\106761\Desktop\Robotic_arm\Coding Space\proper_code_imple_4_classes\artifacts\input contains 57 frames
[2025-03-07 17:21:20,257] root - INFO - Succesfully read C:\Users\106761\Desktop\Robotic_arm\Coding Space\proper_code_imple_4_classes\artifacts\input contains 58 frames
[2025-03-07 17:21:20,265] root - INFO - Succesfully read C:\Users\106761\Desktop\Robotic_arm\Coding Space\proper_code_imple_4_classes\artifacts\input contains 59 frames
[2025-03-07 17:21:20,272] root - INFO - Succesfully read C:\Users\106761\Desktop\Robotic_arm\Coding Space\proper_code_imple_4_classes\artifacts\input contains 60 frames
[2025-03-07 17:21:20,278] root - INFO - Succesfully read C:\Users\106761\Desktop\Robotic_arm\Coding Space\proper_code_imple_4_classes\artifacts\input contains 61 frames
[2025-03-07 17:21:20,288] root - INFO - Succesfully read C:\Users\106761\Desktop\Robotic_arm\Coding Space\proper_code_imple_4_classes\artifacts\input contains 62 frames
[2025-03-07 17:21:20,295] root - INFO - Succesfully read C:\Users\106761\Desktop\Robotic_arm\Coding Space\proper_code_imple_4_classes\artifacts\input contains 63 frames
[2025-03-07 17:21:20,304] root - INFO - Succesfully read C:\Users\106761\Desktop\Robotic_arm\Coding Space\proper_code_imple_4_classes\artifacts\input contains 64 frames
[2025-03-07 17:21:20,311] root - INFO - Succesfully read C:\Users\106761\Desktop\Robotic_arm\Coding Space\proper_code_imple_4_classes\artifacts\input contains 65 frames
[2025-03-07 17:21:20,319] root - INFO - Succesfully read C:\Users\106761\Desktop\Robotic_arm\Coding Space\proper_code_imple_4_classes\artifacts\input contains 66 frames
[2025-03-07 17:21:20,326] root - INFO - Succesfully read C:\Users\106761\Desktop\Robotic_arm\Coding Space\proper_code_imple_4_classes\artifacts\input contains 67 frames
[2025-03-07 17:21:20,334] root - INFO - Succesfully read C:\Users\106761\Desktop\Robotic_arm\Coding Space\proper_code_imple_4_classes\artifacts\input contains 68 frames
[2025-03-07 17:21:20,341] root - INFO - Succesfully read C:\Users\106761\Desktop\Robotic_arm\Coding Space\proper_code_imple_4_classes\artifacts\input contains 69 frames
[2025-03-07 17:21:20,351] root - INFO - Succesfully read C:\Users\106761\Desktop\Robotic_arm\Coding Space\proper_code_imple_4_classes\artifacts\input contains 70 frames
[2025-03-07 17:21:20,357] root - INFO - Succesfully read C:\Users\106761\Desktop\Robotic_arm\Coding Space\proper_code_imple_4_classes\artifacts\input contains 71 frames
[2025-03-07 17:21:20,367] root - INFO - Succesfully read C:\Users\106761\Desktop\Robotic_arm\Coding Space\proper_code_imple_4_classes\artifacts\input contains 72 frames
[2025-03-07 17:21:20,374] root - INFO - Succesfully read C:\Users\106761\Desktop\Robotic_arm\Coding Space\proper_code_imple_4_classes\artifacts\input contains 73 frames
[2025-03-07 17:21:20,380] root - INFO - Succesfully read C:\Users\106761\Desktop\Robotic_arm\Coding Space\proper_code_imple_4_classes\artifacts\input contains 74 frames
[2025-03-07 17:21:20,390] root - INFO - Succesfully read C:\Users\106761\Desktop\Robotic_arm\Coding Space\proper_code_imple_4_classes\artifacts\input contains 75 frames
[2025-03-07 17:21:20,400] root - INFO - Succesfully read C:\Users\106761\Desktop\Robotic_arm\Coding Space\proper_code_imple_4_classes\artifacts\input contains 76 frames
[2025-03-07 17:21:20,407] root - INFO - Succesfully read C:\Users\106761\Desktop\Robotic_arm\Coding Space\proper_code_imple_4_classes\artifacts\input contains 77 frames
[2025-03-07 17:21:20,417] root - INFO - Succesfully read C:\Users\106761\Desktop\Robotic_arm\Coding Space\proper_code_imple_4_classes\artifacts\input contains 78 frames
[2025-03-07 17:21:20,424] root - INFO - Succesfully read C:\Users\106761\Desktop\Robotic_arm\Coding Space\proper_code_imple_4_classes\artifacts\input contains 79 frames
[2025-03-07 17:21:20,433] root - INFO - Succesfully read C:\Users\106761\Desktop\Robotic_arm\Coding Space\proper_code_imple_4_classes\artifacts\input contains 80 frames
[2025-03-07 17:21:20,441] root - INFO - Succesfully read C:\Users\106761\Desktop\Robotic_arm\Coding Space\proper_code_imple_4_classes\artifacts\input contains 81 frames
[2025-03-07 17:21:20,450] root - INFO - Succesfully read C:\Users\106761\Desktop\Robotic_arm\Coding Space\proper_code_imple_4_classes\artifacts\input contains 82 frames
[2025-03-07 17:21:20,457] root - INFO - Succesfully read C:\Users\106761\Desktop\Robotic_arm\Coding Space\proper_code_imple_4_classes\artifacts\input contains 83 frames
[2025-03-07 17:21:20,465] root - INFO - Succesfully read C:\Users\106761\Desktop\Robotic_arm\Coding Space\proper_code_imple_4_classes\artifacts\input contains 84 frames
[2025-03-07 17:21:20,473] root - INFO - Succesfully read C:\Users\106761\Desktop\Robotic_arm\Coding Space\proper_code_imple_4_classes\artifacts\input contains 85 frames
[2025-03-07 17:21:20,481] root - INFO - Succesfully read C:\Users\106761\Desktop\Robotic_arm\Coding Space\proper_code_imple_4_classes\artifacts\input contains 86 frames
[2025-03-07 17:21:20,489] root - INFO - Succesfully read C:\Users\106761\Desktop\Robotic_arm\Coding Space\proper_code_imple_4_classes\artifacts\input contains 87 frames
[2025-03-07 17:21:20,499] root - INFO - Succesfully read C:\Users\106761\Desktop\Robotic_arm\Coding Space\proper_code_imple_4_classes\artifacts\input contains 88 frames
[2025-03-07 17:21:20,507] root - INFO - Succesfully read C:\Users\106761\Desktop\Robotic_arm\Coding Space\proper_code_imple_4_classes\artifacts\input contains 89 frames
[2025-03-07 17:21:20,515] root - INFO - Succesfully read C:\Users\106761\Desktop\Robotic_arm\Coding Space\proper_code_imple_4_classes\artifacts\input contains 90 frames
[2025-03-07 17:21:20,523] root - INFO - Succesfully read C:\Users\106761\Desktop\Robotic_arm\Coding Space\proper_code_imple_4_classes\artifacts\input contains 91 frames
[2025-03-07 17:21:20,534] root - INFO - Succesfully read C:\Users\106761\Desktop\Robotic_arm\Coding Space\proper_code_imple_4_classes\artifacts\input contains 92 frames
[2025-03-07 17:21:20,540] root - INFO - Succesfully read C:\Users\106761\Desktop\Robotic_arm\Coding Space\proper_code_imple_4_classes\artifacts\input contains 93 frames
[2025-03-07 17:21:20,549] root - INFO - Succesfully read C:\Users\106761\Desktop\Robotic_arm\Coding Space\proper_code_imple_4_classes\artifacts\input contains 94 frames
[2025-03-07 17:21:20,557] root - INFO - Succesfully read C:\Users\106761\Desktop\Robotic_arm\Coding Space\proper_code_imple_4_classes\artifacts\input contains 95 frames
[2025-03-07 17:21:20,567] root - INFO - Succesfully read C:\Users\106761\Desktop\Robotic_arm\Coding Space\proper_code_imple_4_classes\artifacts\input contains 96 frames
[2025-03-07 17:21:20,576] root - INFO - Succesfully read C:\Users\106761\Desktop\Robotic_arm\Coding Space\proper_code_imple_4_classes\artifacts\input contains 97 frames
[2025-03-07 17:21:20,585] root - INFO - Succesfully read C:\Users\106761\Desktop\Robotic_arm\Coding Space\proper_code_imple_4_classes\artifacts\input contains 98 frames
[2025-03-07 17:21:20,593] root - INFO - Succesfully read C:\Users\106761\Desktop\Robotic_arm\Coding Space\proper_code_imple_4_classes\artifacts\input contains 99 frames
[2025-03-07 17:21:20,603] root - INFO - Succesfully read C:\Users\106761\Desktop\Robotic_arm\Coding Space\proper_code_imple_4_classes\artifacts\input contains 100 frames
[2025-03-07 17:21:20,610] root - INFO - Succesfully read C:\Users\106761\Desktop\Robotic_arm\Coding Space\proper_code_imple_4_classes\artifacts\input contains 101 frames
[2025-03-07 17:21:20,618] root - INFO - Succesfully read C:\Users\106761\Desktop\Robotic_arm\Coding Space\proper_code_imple_4_classes\artifacts\input contains 102 frames
[2025-03-07 17:21:20,626] root - INFO - Succesfully read C:\Users\106761\Desktop\Robotic_arm\Coding Space\proper_code_imple_4_classes\artifacts\input contains 103 frames
[2025-03-07 17:21:20,635] root - INFO - Succesfully read C:\Users\106761\Desktop\Robotic_arm\Coding Space\proper_code_imple_4_classes\artifacts\input contains 104 frames
[2025-03-07 17:21:20,642] root - INFO - Succesfully read C:\Users\106761\Desktop\Robotic_arm\Coding Space\proper_code_imple_4_classes\artifacts\input contains 105 frames
[2025-03-07 17:21:20,651] root - INFO - Succesfully read C:\Users\106761\Desktop\Robotic_arm\Coding Space\proper_code_imple_4_classes\artifacts\input contains 106 frames
[2025-03-07 17:21:20,657] root - INFO - Succesfully read C:\Users\106761\Desktop\Robotic_arm\Coding Space\proper_code_imple_4_classes\artifacts\input contains 107 frames
[2025-03-07 17:21:20,665] root - INFO - Succesfully read C:\Users\106761\Desktop\Robotic_arm\Coding Space\proper_code_imple_4_classes\artifacts\input contains 108 frames
[2025-03-07 17:21:20,673] root - INFO - Succesfully read C:\Users\106761\Desktop\Robotic_arm\Coding Space\proper_code_imple_4_classes\artifacts\input contains 109 frames
[2025-03-07 17:21:20,681] root - INFO - Succesfully read C:\Users\106761\Desktop\Robotic_arm\Coding Space\proper_code_imple_4_classes\artifacts\input contains 110 frames
[2025-03-07 17:21:20,689] root - INFO - Succesfully read C:\Users\106761\Desktop\Robotic_arm\Coding Space\proper_code_imple_4_classes\artifacts\input contains 111 frames
[2025-03-07 17:21:20,699] root - INFO - Succesfully read C:\Users\106761\Desktop\Robotic_arm\Coding Space\proper_code_imple_4_classes\artifacts\input contains 112 frames
[2025-03-07 17:21:20,708] root - INFO - Succesfully read C:\Users\106761\Desktop\Robotic_arm\Coding Space\proper_code_imple_4_classes\artifacts\input contains 113 frames
[2025-03-07 17:21:20,719] root - INFO - Succesfully read C:\Users\106761\Desktop\Robotic_arm\Coding Space\proper_code_imple_4_classes\artifacts\input contains 114 frames
[2025-03-07 17:21:20,728] root - INFO - Succesfully read C:\Users\106761\Desktop\Robotic_arm\Coding Space\proper_code_imple_4_classes\artifacts\input contains 115 frames
[2025-03-07 17:21:20,736] root - INFO - Succesfully read C:\Users\106761\Desktop\Robotic_arm\Coding Space\proper_code_imple_4_classes\artifacts\input contains 116 frames
[2025-03-07 17:21:20,750] root - INFO - Succesfully read C:\Users\106761\Desktop\Robotic_arm\Coding Space\proper_code_imple_4_classes\artifacts\input contains 117 frames
[2025-03-07 17:21:20,759] root - INFO - Succesfully read C:\Users\106761\Desktop\Robotic_arm\Coding Space\proper_code_imple_4_classes\artifacts\input contains 118 frames
[2025-03-07 17:21:20,769] root - INFO - Succesfully read C:\Users\106761\Desktop\Robotic_arm\Coding Space\proper_code_imple_4_classes\artifacts\input contains 119 frames
[2025-03-07 17:21:20,776] root - INFO - Succesfully read C:\Users\106761\Desktop\Robotic_arm\Coding Space\proper_code_imple_4_classes\artifacts\input contains 120 frames
[2025-03-07 17:21:20,785] root - INFO - Succesfully read C:\Users\106761\Desktop\Robotic_arm\Coding Space\proper_code_imple_4_classes\artifacts\input contains 121 frames
[2025-03-07 17:21:20,799] root - INFO - Succesfully read C:\Users\106761\Desktop\Robotic_arm\Coding Space\proper_code_imple_4_classes\artifacts\input contains 122 frames
[2025-03-07 17:21:20,806] root - INFO - Succesfully read C:\Users\106761\Desktop\Robotic_arm\Coding Space\proper_code_imple_4_classes\artifacts\input contains 123 frames
[2025-03-07 17:21:20,814] root - INFO - Succesfully read C:\Users\106761\Desktop\Robotic_arm\Coding Space\proper_code_imple_4_classes\artifacts\input contains 124 frames
[2025-03-07 17:21:20,824] root - INFO - Succesfully read C:\Users\106761\Desktop\Robotic_arm\Coding Space\proper_code_imple_4_classes\artifacts\input contains 125 frames
[2025-03-07 17:21:20,832] root - INFO - Succesfully read C:\Users\106761\Desktop\Robotic_arm\Coding Space\proper_code_imple_4_classes\artifacts\input contains 126 frames
[2025-03-07 17:21:20,840] root - INFO - Succesfully read C:\Users\106761\Desktop\Robotic_arm\Coding Space\proper_code_imple_4_classes\artifacts\input contains 127 frames
[2025-03-07 17:21:20,847] root - INFO - Succesfully read C:\Users\106761\Desktop\Robotic_arm\Coding Space\proper_code_imple_4_classes\artifacts\input contains 128 frames
[2025-03-07 17:21:20,854] root - INFO - Succesfully read C:\Users\106761\Desktop\Robotic_arm\Coding Space\proper_code_imple_4_classes\artifacts\input contains 129 frames
[2025-03-07 17:21:20,864] root - INFO - Succesfully read C:\Users\106761\Desktop\Robotic_arm\Coding Space\proper_code_imple_4_classes\artifacts\input contains 130 frames
[2025-03-07 17:21:20,870] root - INFO - Succesfully read C:\Users\106761\Desktop\Robotic_arm\Coding Space\proper_code_imple_4_classes\artifacts\input contains 131 frames
[2025-03-07 17:21:20,877] root - INFO - Succesfully read C:\Users\106761\Desktop\Robotic_arm\Coding Space\proper_code_imple_4_classes\artifacts\input contains 132 frames
[2025-03-07 17:21:20,885] root - INFO - Succesfully read C:\Users\106761\Desktop\Robotic_arm\Coding Space\proper_code_imple_4_classes\artifacts\input contains 133 frames
[2025-03-07 17:21:20,892] root - INFO - Succesfully read C:\Users\106761\Desktop\Robotic_arm\Coding Space\proper_code_imple_4_classes\artifacts\input contains 134 frames
[2025-03-07 17:21:20,899] root - INFO - Succesfully read C:\Users\106761\Desktop\Robotic_arm\Coding Space\proper_code_imple_4_classes\artifacts\input contains 135 frames
[2025-03-07 17:21:20,904] root - INFO - Succesfully read C:\Users\106761\Desktop\Robotic_arm\Coding Space\proper_code_imple_4_classes\artifacts\input contains 136 frames
[2025-03-07 17:21:20,911] root - INFO - Succesfully read C:\Users\106761\Desktop\Robotic_arm\Coding Space\proper_code_imple_4_classes\artifacts\input contains 137 frames
[2025-03-07 17:21:20,918] root - INFO - Succesfully read C:\Users\106761\Desktop\Robotic_arm\Coding Space\proper_code_imple_4_classes\artifacts\input contains 138 frames
[2025-03-07 17:21:20,925] root - INFO - Succesfully read C:\Users\106761\Desktop\Robotic_arm\Coding Space\proper_code_imple_4_classes\artifacts\input contains 139 frames
[2025-03-07 17:21:20,933] root - INFO - Succesfully read C:\Users\106761\Desktop\Robotic_arm\Coding Space\proper_code_imple_4_classes\artifacts\input contains 140 frames
[2025-03-07 17:21:20,940] root - INFO - Succesfully read C:\Users\106761\Desktop\Robotic_arm\Coding Space\proper_code_imple_4_classes\artifacts\input contains 141 frames
[2025-03-07 17:21:20,947] root - INFO - Succesfully read C:\Users\106761\Desktop\Robotic_arm\Coding Space\proper_code_imple_4_classes\artifacts\input contains 142 frames
[2025-03-07 17:21:20,952] root - INFO - Succesfully read C:\Users\106761\Desktop\Robotic_arm\Coding Space\proper_code_imple_4_classes\artifacts\input contains 143 frames
[2025-03-07 17:21:20,957] root - INFO - Succesfully read C:\Users\106761\Desktop\Robotic_arm\Coding Space\proper_code_imple_4_classes\artifacts\input contains 144 frames
[2025-03-07 17:21:20,962] root - INFO - Succesfully read C:\Users\106761\Desktop\Robotic_arm\Coding Space\proper_code_imple_4_classes\artifacts\input contains 145 frames
[2025-03-07 17:21:20,969] root - INFO - Succesfully read C:\Users\106761\Desktop\Robotic_arm\Coding Space\proper_code_imple_4_classes\artifacts\input contains 146 frames
[2025-03-07 17:21:20,974] root - INFO - Succesfully read C:\Users\106761\Desktop\Robotic_arm\Coding Space\proper_code_imple_4_classes\artifacts\input contains 147 frames
[2025-03-07 17:21:20,979] root - INFO - Succesfully read C:\Users\106761\Desktop\Robotic_arm\Coding Space\proper_code_imple_4_classes\artifacts\input contains 148 frames
[2025-03-07 17:21:20,986] root - INFO - Succesfully read C:\Users\106761\Desktop\Robotic_arm\Coding Space\proper_code_imple_4_classes\artifacts\input contains 149 frames
[2025-03-07 17:21:20,993] root - INFO - Succesfully read C:\Users\106761\Desktop\Robotic_arm\Coding Space\proper_code_imple_4_classes\artifacts\input contains 150 frames
[2025-03-07 17:21:20,999] root - INFO - Succesfully read C:\Users\106761\Desktop\Robotic_arm\Coding Space\proper_code_imple_4_classes\artifacts\input contains 151 frames
[2025-03-07 17:21:21,004] root - INFO - Succesfully read C:\Users\106761\Desktop\Robotic_arm\Coding Space\proper_code_imple_4_classes\artifacts\input contains 152 frames
[2025-03-07 17:21:21,010] root - INFO - Succesfully read C:\Users\106761\Desktop\Robotic_arm\Coding Space\proper_code_imple_4_classes\artifacts\input contains 153 frames
[2025-03-07 17:21:21,017] root - INFO - Succesfully read C:\Users\106761\Desktop\Robotic_arm\Coding Space\proper_code_imple_4_classes\artifacts\input contains 154 frames
[2025-03-07 17:21:21,024] root - INFO - Succesfully read C:\Users\106761\Desktop\Robotic_arm\Coding Space\proper_code_imple_4_classes\artifacts\input contains 155 frames
[2025-03-07 17:21:21,032] root - INFO - Succesfully read C:\Users\106761\Desktop\Robotic_arm\Coding Space\proper_code_imple_4_classes\artifacts\input contains 156 frames
[2025-03-07 17:21:21,038] root - INFO - Succesfully read C:\Users\106761\Desktop\Robotic_arm\Coding Space\proper_code_imple_4_classes\artifacts\input contains 157 frames
[2025-03-07 17:21:21,045] root - INFO - Succesfully read C:\Users\106761\Desktop\Robotic_arm\Coding Space\proper_code_imple_4_classes\artifacts\input contains 158 frames
[2025-03-07 17:21:21,051] root - INFO - Succesfully read C:\Users\106761\Desktop\Robotic_arm\Coding Space\proper_code_imple_4_classes\artifacts\input contains 159 frames
[2025-03-07 17:21:21,058] root - INFO - Succesfully read C:\Users\106761\Desktop\Robotic_arm\Coding Space\proper_code_imple_4_classes\artifacts\input contains 160 frames
[2025-03-07 17:21:21,065] root - INFO - Succesfully read C:\Users\106761\Desktop\Robotic_arm\Coding Space\proper_code_imple_4_classes\artifacts\input contains 161 frames
[2025-03-07 17:21:21,072] root - INFO - Succesfully read C:\Users\106761\Desktop\Robotic_arm\Coding Space\proper_code_imple_4_classes\artifacts\input contains 162 frames
[2025-03-07 17:21:21,079] root - INFO - Succesfully read C:\Users\106761\Desktop\Robotic_arm\Coding Space\proper_code_imple_4_classes\artifacts\input contains 163 frames
[2025-03-07 17:21:21,084] root - INFO - Succesfully read C:\Users\106761\Desktop\Robotic_arm\Coding Space\proper_code_imple_4_classes\artifacts\input contains 164 frames
[2025-03-07 17:21:21,090] root - INFO - Succesfully read C:\Users\106761\Desktop\Robotic_arm\Coding Space\proper_code_imple_4_classes\artifacts\input contains 165 frames
[2025-03-07 17:21:21,096] root - INFO - Succesfully read C:\Users\106761\Desktop\Robotic_arm\Coding Space\proper_code_imple_4_classes\artifacts\input contains 166 frames
[2025-03-07 17:21:21,101] root - INFO - Succesfully read C:\Users\106761\Desktop\Robotic_arm\Coding Space\proper_code_imple_4_classes\artifacts\input contains 167 frames
[2025-03-07 17:21:21,106] root - INFO - Succesfully read C:\Users\106761\Desktop\Robotic_arm\Coding Space\proper_code_imple_4_classes\artifacts\input contains 168 frames
[2025-03-07 17:21:21,111] root - INFO - Succesfully read C:\Users\106761\Desktop\Robotic_arm\Coding Space\proper_code_imple_4_classes\artifacts\input contains 169 frames
[2025-03-07 17:21:21,117] root - INFO - Succesfully read C:\Users\106761\Desktop\Robotic_arm\Coding Space\proper_code_imple_4_classes\artifacts\input contains 170 frames
[2025-03-07 17:21:21,124] root - INFO - Succesfully read C:\Users\106761\Desktop\Robotic_arm\Coding Space\proper_code_imple_4_classes\artifacts\input contains 171 frames
[2025-03-07 17:21:21,130] root - INFO - Succesfully read C:\Users\106761\Desktop\Robotic_arm\Coding Space\proper_code_imple_4_classes\artifacts\input contains 172 frames
[2025-03-07 17:21:21,135] root - INFO - Succesfully read C:\Users\106761\Desktop\Robotic_arm\Coding Space\proper_code_imple_4_classes\artifacts\input contains 173 frames
[2025-03-07 17:21:21,142] root - INFO - Succesfully read C:\Users\106761\Desktop\Robotic_arm\Coding Space\proper_code_imple_4_classes\artifacts\input contains 174 frames
[2025-03-07 17:21:21,149] root - INFO - Succesfully read C:\Users\106761\Desktop\Robotic_arm\Coding Space\proper_code_imple_4_classes\artifacts\input contains 175 frames
[2025-03-07 17:21:21,154] root - INFO - Succesfully read C:\Users\106761\Desktop\Robotic_arm\Coding Space\proper_code_imple_4_classes\artifacts\input contains 176 frames
[2025-03-07 17:21:21,160] root - INFO - Succesfully read C:\Users\106761\Desktop\Robotic_arm\Coding Space\proper_code_imple_4_classes\artifacts\input contains 177 frames
[2025-03-07 17:21:21,166] root - INFO - Succesfully read C:\Users\106761\Desktop\Robotic_arm\Coding Space\proper_code_imple_4_classes\artifacts\input contains 178 frames
[2025-03-07 17:21:21,173] root - INFO - Succesfully read C:\Users\106761\Desktop\Robotic_arm\Coding Space\proper_code_imple_4_classes\artifacts\input contains 179 frames
[2025-03-07 17:21:21,178] root - INFO - Succesfully read C:\Users\106761\Desktop\Robotic_arm\Coding Space\proper_code_imple_4_classes\artifacts\input contains 180 frames
[2025-03-07 17:21:21,185] root - INFO - Succesfully read C:\Users\106761\Desktop\Robotic_arm\Coding Space\proper_code_imple_4_classes\artifacts\input contains 181 frames
[2025-03-07 17:21:21,190] root - INFO - Succesfully read C:\Users\106761\Desktop\Robotic_arm\Coding Space\proper_code_imple_4_classes\artifacts\input contains 182 frames
[2025-03-07 17:21:21,195] root - INFO - Succesfully read C:\Users\106761\Desktop\Robotic_arm\Coding Space\proper_code_imple_4_classes\artifacts\input contains 183 frames
[2025-03-07 17:21:21,202] root - INFO - Succesfully read C:\Users\106761\Desktop\Robotic_arm\Coding Space\proper_code_imple_4_classes\artifacts\input contains 184 frames
[2025-03-07 17:21:21,208] root - INFO - Succesfully read C:\Users\106761\Desktop\Robotic_arm\Coding Space\proper_code_imple_4_classes\artifacts\input contains 185 frames
[2025-03-07 17:21:21,215] root - INFO - Succesfully read C:\Users\106761\Desktop\Robotic_arm\Coding Space\proper_code_imple_4_classes\artifacts\input contains 186 frames
[2025-03-07 17:21:21,220] root - INFO - Succesfully read C:\Users\106761\Desktop\Robotic_arm\Coding Space\proper_code_imple_4_classes\artifacts\input contains 187 frames
[2025-03-07 17:21:21,225] root - INFO - Succesfully read C:\Users\106761\Desktop\Robotic_arm\Coding Space\proper_code_imple_4_classes\artifacts\input contains 188 frames
[2025-03-07 17:21:21,233] root - INFO - Succesfully read C:\Users\106761\Desktop\Robotic_arm\Coding Space\proper_code_imple_4_classes\artifacts\input contains 189 frames
[2025-03-07 17:21:21,239] root - INFO - Succesfully read C:\Users\106761\Desktop\Robotic_arm\Coding Space\proper_code_imple_4_classes\artifacts\input contains 190 frames
[2025-03-07 17:21:21,246] root - INFO - Succesfully read C:\Users\106761\Desktop\Robotic_arm\Coding Space\proper_code_imple_4_classes\artifacts\input contains 191 frames
[2025-03-07 17:21:21,252] root - INFO - Succesfully read C:\Users\106761\Desktop\Robotic_arm\Coding Space\proper_code_imple_4_classes\artifacts\input contains 192 frames
[2025-03-07 17:21:21,259] root - INFO - Succesfully read C:\Users\106761\Desktop\Robotic_arm\Coding Space\proper_code_imple_4_classes\artifacts\input contains 193 frames
[2025-03-07 17:21:21,266] root - INFO - Succesfully read C:\Users\106761\Desktop\Robotic_arm\Coding Space\proper_code_imple_4_classes\artifacts\input contains 194 frames
[2025-03-07 17:21:21,272] root - INFO - Succesfully read C:\Users\106761\Desktop\Robotic_arm\Coding Space\proper_code_imple_4_classes\artifacts\input contains 195 frames
[2025-03-07 17:21:21,281] root - INFO - Succesfully read C:\Users\106761\Desktop\Robotic_arm\Coding Space\proper_code_imple_4_classes\artifacts\input contains 196 frames
[2025-03-07 17:21:21,286] root - INFO - Succesfully read C:\Users\106761\Desktop\Robotic_arm\Coding Space\proper_code_imple_4_classes\artifacts\input contains 197 frames
[2025-03-07 17:21:21,292] root - INFO - Succesfully read C:\Users\106761\Desktop\Robotic_arm\Coding Space\proper_code_imple_4_classes\artifacts\input contains 198 frames
[2025-03-07 17:21:21,299] root - INFO - Succesfully read C:\Users\106761\Desktop\Robotic_arm\Coding Space\proper_code_imple_4_classes\artifacts\input contains 199 frames
[2025-03-07 17:21:21,306] root - INFO - Succesfully read C:\Users\106761\Desktop\Robotic_arm\Coding Space\proper_code_imple_4_classes\artifacts\input contains 200 frames
[2025-03-07 17:21:21,314] root - INFO - Succesfully read C:\Users\106761\Desktop\Robotic_arm\Coding Space\proper_code_imple_4_classes\artifacts\input contains 201 frames
[2025-03-07 17:21:21,320] root - INFO - Succesfully read C:\Users\106761\Desktop\Robotic_arm\Coding Space\proper_code_imple_4_classes\artifacts\input contains 202 frames
[2025-03-07 17:21:21,326] root - INFO - Succesfully read C:\Users\106761\Desktop\Robotic_arm\Coding Space\proper_code_imple_4_classes\artifacts\input contains 203 frames
[2025-03-07 17:21:21,331] root - INFO - Succesfully read C:\Users\106761\Desktop\Robotic_arm\Coding Space\proper_code_imple_4_classes\artifacts\input contains 204 frames
[2025-03-07 17:21:21,339] root - INFO - Succesfully read C:\Users\106761\Desktop\Robotic_arm\Coding Space\proper_code_imple_4_classes\artifacts\input contains 205 frames
[2025-03-07 17:21:21,343] root - INFO - Succesfully read C:\Users\106761\Desktop\Robotic_arm\Coding Space\proper_code_imple_4_classes\artifacts\input contains 206 frames
[2025-03-07 17:21:21,350] root - INFO - Succesfully read C:\Users\106761\Desktop\Robotic_arm\Coding Space\proper_code_imple_4_classes\artifacts\input contains 207 frames
[2025-03-07 17:21:21,357] root - INFO - Succesfully read C:\Users\106761\Desktop\Robotic_arm\Coding Space\proper_code_imple_4_classes\artifacts\input contains 208 frames
[2025-03-07 17:21:21,363] root - INFO - Succesfully read C:\Users\106761\Desktop\Robotic_arm\Coding Space\proper_code_imple_4_classes\artifacts\input contains 209 frames
[2025-03-07 17:21:21,368] root - INFO - Succesfully read C:\Users\106761\Desktop\Robotic_arm\Coding Space\proper_code_imple_4_classes\artifacts\input contains 210 frames
[2025-03-07 17:21:21,374] root - INFO - Succesfully read C:\Users\106761\Desktop\Robotic_arm\Coding Space\proper_code_imple_4_classes\artifacts\input contains 211 frames
[2025-03-07 17:21:21,380] root - INFO - Succesfully read C:\Users\106761\Desktop\Robotic_arm\Coding Space\proper_code_imple_4_classes\artifacts\input contains 212 frames
[2025-03-07 17:21:21,387] root - INFO - Succesfully read C:\Users\106761\Desktop\Robotic_arm\Coding Space\proper_code_imple_4_classes\artifacts\input contains 213 frames
[2025-03-07 17:21:21,394] root - INFO - Succesfully read C:\Users\106761\Desktop\Robotic_arm\Coding Space\proper_code_imple_4_classes\artifacts\input contains 214 frames
[2025-03-07 17:21:21,401] root - INFO - Succesfully read C:\Users\106761\Desktop\Robotic_arm\Coding Space\proper_code_imple_4_classes\artifacts\input contains 215 frames
[2025-03-07 17:21:21,410] root - INFO - Succesfully read C:\Users\106761\Desktop\Robotic_arm\Coding Space\proper_code_imple_4_classes\artifacts\input contains 216 frames
[2025-03-07 17:21:21,418] root - INFO - Succesfully read C:\Users\106761\Desktop\Robotic_arm\Coding Space\proper_code_imple_4_classes\artifacts\input contains 217 frames
[2025-03-07 17:21:21,426] root - INFO - Succesfully read C:\Users\106761\Desktop\Robotic_arm\Coding Space\proper_code_imple_4_classes\artifacts\input contains 218 frames
[2025-03-07 17:21:21,433] root - INFO - Succesfully read C:\Users\106761\Desktop\Robotic_arm\Coding Space\proper_code_imple_4_classes\artifacts\input contains 219 frames
[2025-03-07 17:21:21,440] root - INFO - Succesfully read C:\Users\106761\Desktop\Robotic_arm\Coding Space\proper_code_imple_4_classes\artifacts\input contains 220 frames
[2025-03-07 17:21:21,448] root - INFO - Succesfully read C:\Users\106761\Desktop\Robotic_arm\Coding Space\proper_code_imple_4_classes\artifacts\input contains 221 frames
[2025-03-07 17:21:21,457] root - INFO - Succesfully read C:\Users\106761\Desktop\Robotic_arm\Coding Space\proper_code_imple_4_classes\artifacts\input contains 222 frames
[2025-03-07 17:21:21,464] root - INFO - Succesfully read C:\Users\106761\Desktop\Robotic_arm\Coding Space\proper_code_imple_4_classes\artifacts\input contains 223 frames
[2025-03-07 17:21:21,473] root - INFO - Succesfully read C:\Users\106761\Desktop\Robotic_arm\Coding Space\proper_code_imple_4_classes\artifacts\input contains 224 frames
[2025-03-07 17:21:21,481] root - INFO - Succesfully read C:\Users\106761\Desktop\Robotic_arm\Coding Space\proper_code_imple_4_classes\artifacts\input contains 225 frames
[2025-03-07 17:21:21,489] root - INFO - Succesfully read C:\Users\106761\Desktop\Robotic_arm\Coding Space\proper_code_imple_4_classes\artifacts\input contains 226 frames
[2025-03-07 17:21:21,497] root - INFO - Succesfully read C:\Users\106761\Desktop\Robotic_arm\Coding Space\proper_code_imple_4_classes\artifacts\input contains 227 frames
[2025-03-07 17:21:21,505] root - INFO - Succesfully read C:\Users\106761\Desktop\Robotic_arm\Coding Space\proper_code_imple_4_classes\artifacts\input contains 228 frames
[2025-03-07 17:21:21,512] root - INFO - Succesfully read C:\Users\106761\Desktop\Robotic_arm\Coding Space\proper_code_imple_4_classes\artifacts\input contains 229 frames
[2025-03-07 17:21:21,519] root - INFO - Succesfully read C:\Users\106761\Desktop\Robotic_arm\Coding Space\proper_code_imple_4_classes\artifacts\input contains 230 frames
[2025-03-07 17:21:21,526] root - INFO - Succesfully read C:\Users\106761\Desktop\Robotic_arm\Coding Space\proper_code_imple_4_classes\artifacts\input contains 231 frames
[2025-03-07 17:21:21,535] root - INFO - Succesfully read C:\Users\106761\Desktop\Robotic_arm\Coding Space\proper_code_imple_4_classes\artifacts\input contains 232 frames
[2025-03-07 17:21:21,542] root - INFO - Succesfully read C:\Users\106761\Desktop\Robotic_arm\Coding Space\proper_code_imple_4_classes\artifacts\input contains 233 frames
[2025-03-07 17:21:21,551] root - INFO - Succesfully read C:\Users\106761\Desktop\Robotic_arm\Coding Space\proper_code_imple_4_classes\artifacts\input contains 234 frames
[2025-03-07 17:21:21,558] root - INFO - Succesfully read C:\Users\106761\Desktop\Robotic_arm\Coding Space\proper_code_imple_4_classes\artifacts\input contains 235 frames
[2025-03-07 17:21:21,566] root - INFO - Succesfully read C:\Users\106761\Desktop\Robotic_arm\Coding Space\proper_code_imple_4_classes\artifacts\input contains 236 frames
[2025-03-07 17:21:21,573] root - INFO - Succesfully read C:\Users\106761\Desktop\Robotic_arm\Coding Space\proper_code_imple_4_classes\artifacts\input contains 237 frames
[2025-03-07 17:21:21,580] root - INFO - Succesfully read C:\Users\106761\Desktop\Robotic_arm\Coding Space\proper_code_imple_4_classes\artifacts\input contains 238 frames
[2025-03-07 17:21:21,587] root - INFO - Succesfully read C:\Users\106761\Desktop\Robotic_arm\Coding Space\proper_code_imple_4_classes\artifacts\input contains 239 frames
[2025-03-07 17:21:21,594] root - INFO - Succesfully read C:\Users\106761\Desktop\Robotic_arm\Coding Space\proper_code_imple_4_classes\artifacts\input contains 240 frames
[2025-03-07 17:21:21,602] root - INFO - Succesfully read C:\Users\106761\Desktop\Robotic_arm\Coding Space\proper_code_imple_4_classes\artifacts\input contains 241 frames
[2025-03-07 17:21:21,610] root - INFO - Succesfully read C:\Users\106761\Desktop\Robotic_arm\Coding Space\proper_code_imple_4_classes\artifacts\input contains 242 frames
[2025-03-07 17:21:21,619] root - INFO - Succesfully read C:\Users\106761\Desktop\Robotic_arm\Coding Space\proper_code_imple_4_classes\artifacts\input contains 243 frames
[2025-03-07 17:21:21,626] root - INFO - Succesfully read C:\Users\106761\Desktop\Robotic_arm\Coding Space\proper_code_imple_4_classes\artifacts\input contains 244 frames
[2025-03-07 17:21:21,633] root - INFO - Succesfully read C:\Users\106761\Desktop\Robotic_arm\Coding Space\proper_code_imple_4_classes\artifacts\input contains 245 frames
[2025-03-07 17:21:21,640] root - INFO - Succesfully read C:\Users\106761\Desktop\Robotic_arm\Coding Space\proper_code_imple_4_classes\artifacts\input contains 246 frames
[2025-03-07 17:21:21,648] root - INFO - Succesfully read C:\Users\106761\Desktop\Robotic_arm\Coding Space\proper_code_imple_4_classes\artifacts\input contains 247 frames
[2025-03-07 17:21:21,654] root - INFO - Succesfully read C:\Users\106761\Desktop\Robotic_arm\Coding Space\proper_code_imple_4_classes\artifacts\input contains 248 frames
[2025-03-07 17:21:21,661] root - INFO - Succesfully read C:\Users\106761\Desktop\Robotic_arm\Coding Space\proper_code_imple_4_classes\artifacts\input contains 249 frames
[2025-03-07 17:21:21,669] root - INFO - Succesfully read C:\Users\106761\Desktop\Robotic_arm\Coding Space\proper_code_imple_4_classes\artifacts\input contains 250 frames
[2025-03-07 17:21:21,674] root - INFO - Succesfully read C:\Users\106761\Desktop\Robotic_arm\Coding Space\proper_code_imple_4_classes\artifacts\input contains 251 frames
[2025-03-07 17:21:21,681] root - INFO - Succesfully read C:\Users\106761\Desktop\Robotic_arm\Coding Space\proper_code_imple_4_classes\artifacts\input contains 252 frames
[2025-03-07 17:21:21,689] root - INFO - Succesfully read C:\Users\106761\Desktop\Robotic_arm\Coding Space\proper_code_imple_4_classes\artifacts\input contains 253 frames
[2025-03-07 17:21:21,695] root - INFO - Succesfully read C:\Users\106761\Desktop\Robotic_arm\Coding Space\proper_code_imple_4_classes\artifacts\input contains 254 frames
[2025-03-07 17:21:21,703] root - INFO - Succesfully read C:\Users\106761\Desktop\Robotic_arm\Coding Space\proper_code_imple_4_classes\artifacts\input contains 255 frames
[2025-03-07 17:21:21,711] root - INFO - Succesfully read C:\Users\106761\Desktop\Robotic_arm\Coding Space\proper_code_imple_4_classes\artifacts\input contains 256 frames
[2025-03-07 17:21:21,719] root - INFO - Succesfully read C:\Users\106761\Desktop\Robotic_arm\Coding Space\proper_code_imple_4_classes\artifacts\input contains 257 frames
[2025-03-07 17:21:21,726] root - INFO - Succesfully read C:\Users\106761\Desktop\Robotic_arm\Coding Space\proper_code_imple_4_classes\artifacts\input contains 258 frames
[2025-03-07 17:21:21,733] root - INFO - Succesfully read C:\Users\106761\Desktop\Robotic_arm\Coding Space\proper_code_imple_4_classes\artifacts\input contains 259 frames
[2025-03-07 17:21:21,739] root - INFO - Succesfully read C:\Users\106761\Desktop\Robotic_arm\Coding Space\proper_code_imple_4_classes\artifacts\input contains 260 frames
[2025-03-07 17:21:21,748] root - INFO - Succesfully read C:\Users\106761\Desktop\Robotic_arm\Coding Space\proper_code_imple_4_classes\artifacts\input contains 261 frames
[2025-03-07 17:21:21,755] root - INFO - Succesfully read C:\Users\106761\Desktop\Robotic_arm\Coding Space\proper_code_imple_4_classes\artifacts\input contains 262 frames
[2025-03-07 17:21:21,764] root - INFO - Succesfully read C:\Users\106761\Desktop\Robotic_arm\Coding Space\proper_code_imple_4_classes\artifacts\input contains 263 frames
[2025-03-07 17:21:21,771] root - INFO - Succesfully read C:\Users\106761\Desktop\Robotic_arm\Coding Space\proper_code_imple_4_classes\artifacts\input contains 264 frames
[2025-03-07 17:21:21,778] root - INFO - Succesfully read C:\Users\106761\Desktop\Robotic_arm\Coding Space\proper_code_imple_4_classes\artifacts\input contains 265 frames
[2025-03-07 17:21:21,785] root - INFO - Succesfully read C:\Users\106761\Desktop\Robotic_arm\Coding Space\proper_code_imple_4_classes\artifacts\input contains 266 frames
[2025-03-07 17:21:21,793] root - INFO - Succesfully read C:\Users\106761\Desktop\Robotic_arm\Coding Space\proper_code_imple_4_classes\artifacts\input contains 267 frames
[2025-03-07 17:21:21,802] root - INFO - Succesfully read C:\Users\106761\Desktop\Robotic_arm\Coding Space\proper_code_imple_4_classes\artifacts\input contains 268 frames
[2025-03-07 17:21:21,809] root - INFO - Succesfully read C:\Users\106761\Desktop\Robotic_arm\Coding Space\proper_code_imple_4_classes\artifacts\input contains 269 frames
[2025-03-07 17:21:21,817] root - INFO - Succesfully read C:\Users\106761\Desktop\Robotic_arm\Coding Space\proper_code_imple_4_classes\artifacts\input contains 270 frames
[2025-03-07 17:21:21,825] root - INFO - Succesfully read C:\Users\106761\Desktop\Robotic_arm\Coding Space\proper_code_imple_4_classes\artifacts\input contains 271 frames
[2025-03-07 17:21:21,834] root - INFO - Succesfully read C:\Users\106761\Desktop\Robotic_arm\Coding Space\proper_code_imple_4_classes\artifacts\input contains 272 frames
[2025-03-07 17:21:21,841] root - INFO - Succesfully read C:\Users\106761\Desktop\Robotic_arm\Coding Space\proper_code_imple_4_classes\artifacts\input contains 273 frames
[2025-03-07 17:21:21,849] root - INFO - Succesfully read C:\Users\106761\Desktop\Robotic_arm\Coding Space\proper_code_imple_4_classes\artifacts\input contains 274 frames
[2025-03-07 17:21:21,856] root - INFO - Succesfully read C:\Users\106761\Desktop\Robotic_arm\Coding Space\proper_code_imple_4_classes\artifacts\input contains 275 frames
[2025-03-07 17:21:21,862] root - INFO - Succesfully read C:\Users\106761\Desktop\Robotic_arm\Coding Space\proper_code_imple_4_classes\artifacts\input contains 276 frames
[2025-03-07 17:21:21,868] root - INFO - Succesfully read C:\Users\106761\Desktop\Robotic_arm\Coding Space\proper_code_imple_4_classes\artifacts\input contains 277 frames
[2025-03-07 17:21:21,874] root - INFO - Succesfully read C:\Users\106761\Desktop\Robotic_arm\Coding Space\proper_code_imple_4_classes\artifacts\input contains 278 frames
[2025-03-07 17:21:21,883] root - INFO - Succesfully read C:\Users\106761\Desktop\Robotic_arm\Coding Space\proper_code_imple_4_classes\artifacts\input contains 279 frames
[2025-03-07 17:21:21,890] root - INFO - Succesfully read C:\Users\106761\Desktop\Robotic_arm\Coding Space\proper_code_imple_4_classes\artifacts\input contains 280 frames
[2025-03-07 17:21:21,897] root - INFO - Succesfully read C:\Users\106761\Desktop\Robotic_arm\Coding Space\proper_code_imple_4_classes\artifacts\input contains 281 frames
[2025-03-07 17:21:21,905] root - INFO - Succesfully read C:\Users\106761\Desktop\Robotic_arm\Coding Space\proper_code_imple_4_classes\artifacts\input contains 282 frames
[2025-03-07 17:21:21,912] root - INFO - Succesfully read C:\Users\106761\Desktop\Robotic_arm\Coding Space\proper_code_imple_4_classes\artifacts\input contains 283 frames
[2025-03-07 17:21:21,919] root - INFO - Succesfully read C:\Users\106761\Desktop\Robotic_arm\Coding Space\proper_code_imple_4_classes\artifacts\input contains 284 frames
[2025-03-07 17:21:21,924] root - INFO - Succesfully read C:\Users\106761\Desktop\Robotic_arm\Coding Space\proper_code_imple_4_classes\artifacts\input contains 285 frames
[2025-03-07 17:21:21,932] root - INFO - Succesfully read C:\Users\106761\Desktop\Robotic_arm\Coding Space\proper_code_imple_4_classes\artifacts\input contains 286 frames
[2025-03-07 17:21:21,940] root - INFO - Succesfully read C:\Users\106761\Desktop\Robotic_arm\Coding Space\proper_code_imple_4_classes\artifacts\input contains 287 frames
[2025-03-07 17:21:21,947] root - INFO - Succesfully read C:\Users\106761\Desktop\Robotic_arm\Coding Space\proper_code_imple_4_classes\artifacts\input contains 288 frames
[2025-03-07 17:21:21,955] root - INFO - Succesfully read C:\Users\106761\Desktop\Robotic_arm\Coding Space\proper_code_imple_4_classes\artifacts\input contains 289 frames
[2025-03-07 17:21:21,963] root - INFO - Succesfully read C:\Users\106761\Desktop\Robotic_arm\Coding Space\proper_code_imple_4_classes\artifacts\input contains 290 frames
[2025-03-07 17:21:21,970] root - INFO - Succesfully read C:\Users\106761\Desktop\Robotic_arm\Coding Space\proper_code_imple_4_classes\artifacts\input contains 291 frames
[2025-03-07 17:21:21,978] root - INFO - Succesfully read C:\Users\106761\Desktop\Robotic_arm\Coding Space\proper_code_imple_4_classes\artifacts\input contains 292 frames
[2025-03-07 17:21:21,986] root - INFO - Succesfully read C:\Users\106761\Desktop\Robotic_arm\Coding Space\proper_code_imple_4_classes\artifacts\input contains 293 frames
[2025-03-07 17:21:21,994] root - INFO - Succesfully read C:\Users\106761\Desktop\Robotic_arm\Coding Space\proper_code_imple_4_classes\artifacts\input contains 294 frames
[2025-03-07 17:21:22,002] root - INFO - Succesfully read C:\Users\106761\Desktop\Robotic_arm\Coding Space\proper_code_imple_4_classes\artifacts\input contains 295 frames
[2025-03-07 17:21:22,008] root - INFO - Succesfully read C:\Users\106761\Desktop\Robotic_arm\Coding Space\proper_code_imple_4_classes\artifacts\input contains 296 frames
[2025-03-07 17:21:22,016] root - INFO - Succesfully read C:\Users\106761\Desktop\Robotic_arm\Coding Space\proper_code_imple_4_classes\artifacts\input contains 297 frames
[2025-03-07 17:21:22,023] root - INFO - Succesfully read C:\Users\106761\Desktop\Robotic_arm\Coding Space\proper_code_imple_4_classes\artifacts\input contains 298 frames
[2025-03-07 17:21:22,029] root - INFO - Succesfully read C:\Users\106761\Desktop\Robotic_arm\Coding Space\proper_code_imple_4_classes\artifacts\input contains 299 frames
[2025-03-07 17:21:22,037] root - INFO - Succesfully read C:\Users\106761\Desktop\Robotic_arm\Coding Space\proper_code_imple_4_classes\artifacts\input contains 300 frames
[2025-03-07 17:21:22,044] root - INFO - Succesfully read C:\Users\106761\Desktop\Robotic_arm\Coding Space\proper_code_imple_4_classes\artifacts\input contains 301 frames
[2025-03-07 17:21:22,051] root - INFO - Succesfully read C:\Users\106761\Desktop\Robotic_arm\Coding Space\proper_code_imple_4_classes\artifacts\input contains 302 frames
[2025-03-07 17:21:22,057] root - INFO - Succesfully read C:\Users\106761\Desktop\Robotic_arm\Coding Space\proper_code_imple_4_classes\artifacts\input contains 303 frames
[2025-03-07 17:21:22,066] root - INFO - Succesfully read C:\Users\106761\Desktop\Robotic_arm\Coding Space\proper_code_imple_4_classes\artifacts\input contains 304 frames
[2025-03-07 17:21:22,073] root - INFO - Succesfully read C:\Users\106761\Desktop\Robotic_arm\Coding Space\proper_code_imple_4_classes\artifacts\input contains 305 frames
[2025-03-07 17:21:22,080] root - INFO - Succesfully read C:\Users\106761\Desktop\Robotic_arm\Coding Space\proper_code_imple_4_classes\artifacts\input contains 306 frames
[2025-03-07 17:21:22,086] root - INFO - Succesfully read C:\Users\106761\Desktop\Robotic_arm\Coding Space\proper_code_imple_4_classes\artifacts\input contains 307 frames
[2025-03-07 17:21:22,092] root - INFO - Succesfully read C:\Users\106761\Desktop\Robotic_arm\Coding Space\proper_code_imple_4_classes\artifacts\input contains 308 frames
[2025-03-07 17:21:22,098] root - INFO - Succesfully read C:\Users\106761\Desktop\Robotic_arm\Coding Space\proper_code_imple_4_classes\artifacts\input contains 309 frames
[2025-03-07 17:21:22,105] root - INFO - Succesfully read C:\Users\106761\Desktop\Robotic_arm\Coding Space\proper_code_imple_4_classes\artifacts\input contains 310 frames
[2025-03-07 17:21:22,112] root - INFO - Succesfully read C:\Users\106761\Desktop\Robotic_arm\Coding Space\proper_code_imple_4_classes\artifacts\input contains 311 frames
[2025-03-07 17:21:22,119] root - INFO - Succesfully read C:\Users\106761\Desktop\Robotic_arm\Coding Space\proper_code_imple_4_classes\artifacts\input contains 312 frames
[2025-03-07 17:21:22,126] root - INFO - Succesfully read C:\Users\106761\Desktop\Robotic_arm\Coding Space\proper_code_imple_4_classes\artifacts\input contains 313 frames
[2025-03-07 17:21:22,134] root - INFO - Succesfully read C:\Users\106761\Desktop\Robotic_arm\Coding Space\proper_code_imple_4_classes\artifacts\input contains 314 frames
[2025-03-07 17:21:22,140] root - INFO - Succesfully read C:\Users\106761\Desktop\Robotic_arm\Coding Space\proper_code_imple_4_classes\artifacts\input contains 315 frames
[2025-03-07 17:21:22,147] root - INFO - Succesfully read C:\Users\106761\Desktop\Robotic_arm\Coding Space\proper_code_imple_4_classes\artifacts\input contains 316 frames
[2025-03-07 17:21:22,152] root - INFO - Succesfully read C:\Users\106761\Desktop\Robotic_arm\Coding Space\proper_code_imple_4_classes\artifacts\input contains 317 frames
[2025-03-07 17:21:22,158] root - INFO - Succesfully read C:\Users\106761\Desktop\Robotic_arm\Coding Space\proper_code_imple_4_classes\artifacts\input contains 318 frames
[2025-03-07 17:21:22,165] root - INFO - Succesfully read C:\Users\106761\Desktop\Robotic_arm\Coding Space\proper_code_imple_4_classes\artifacts\input contains 319 frames
[2025-03-07 17:21:22,171] root - INFO - Succesfully read C:\Users\106761\Desktop\Robotic_arm\Coding Space\proper_code_imple_4_classes\artifacts\input contains 320 frames
[2025-03-07 17:21:22,177] root - INFO - Succesfully read C:\Users\106761\Desktop\Robotic_arm\Coding Space\proper_code_imple_4_classes\artifacts\input contains 321 frames
[2025-03-07 17:21:22,184] root - INFO - Succesfully read C:\Users\106761\Desktop\Robotic_arm\Coding Space\proper_code_imple_4_classes\artifacts\input contains 322 frames
[2025-03-07 17:21:22,193] root - INFO - Succesfully read C:\Users\106761\Desktop\Robotic_arm\Coding Space\proper_code_imple_4_classes\artifacts\input contains 323 frames
[2025-03-07 17:21:22,203] root - INFO - Succesfully read C:\Users\106761\Desktop\Robotic_arm\Coding Space\proper_code_imple_4_classes\artifacts\input contains 324 frames
[2025-03-07 17:21:22,211] root - INFO - Succesfully read C:\Users\106761\Desktop\Robotic_arm\Coding Space\proper_code_imple_4_classes\artifacts\input contains 325 frames
[2025-03-07 17:21:22,221] root - INFO - Succesfully read C:\Users\106761\Desktop\Robotic_arm\Coding Space\proper_code_imple_4_classes\artifacts\input contains 326 frames
[2025-03-07 17:21:22,231] root - INFO - Succesfully read C:\Users\106761\Desktop\Robotic_arm\Coding Space\proper_code_imple_4_classes\artifacts\input contains 327 frames
[2025-03-07 17:21:22,240] root - INFO - Succesfully read C:\Users\106761\Desktop\Robotic_arm\Coding Space\proper_code_imple_4_classes\artifacts\input contains 328 frames
[2025-03-07 17:21:22,248] root - INFO - Succesfully read C:\Users\106761\Desktop\Robotic_arm\Coding Space\proper_code_imple_4_classes\artifacts\input contains 329 frames
[2025-03-07 17:21:22,257] root - INFO - Succesfully read C:\Users\106761\Desktop\Robotic_arm\Coding Space\proper_code_imple_4_classes\artifacts\input contains 330 frames
[2025-03-07 17:21:22,266] root - INFO - Succesfully read C:\Users\106761\Desktop\Robotic_arm\Coding Space\proper_code_imple_4_classes\artifacts\input contains 331 frames
[2025-03-07 17:21:22,279] root - INFO - Succesfully read C:\Users\106761\Desktop\Robotic_arm\Coding Space\proper_code_imple_4_classes\artifacts\input contains 332 frames
[2025-03-07 17:21:22,287] root - INFO - Succesfully read C:\Users\106761\Desktop\Robotic_arm\Coding Space\proper_code_imple_4_classes\artifacts\input contains 333 frames
[2025-03-07 17:21:22,293] root - INFO - Succesfully read C:\Users\106761\Desktop\Robotic_arm\Coding Space\proper_code_imple_4_classes\artifacts\input contains 334 frames
[2025-03-07 17:21:22,300] root - INFO - Succesfully read C:\Users\106761\Desktop\Robotic_arm\Coding Space\proper_code_imple_4_classes\artifacts\input contains 335 frames
[2025-03-07 17:21:22,307] root - INFO - Succesfully read C:\Users\106761\Desktop\Robotic_arm\Coding Space\proper_code_imple_4_classes\artifacts\input contains 336 frames
[2025-03-07 17:21:22,314] root - INFO - Succesfully read C:\Users\106761\Desktop\Robotic_arm\Coding Space\proper_code_imple_4_classes\artifacts\input contains 337 frames
[2025-03-07 17:21:22,321] root - INFO - Succesfully read C:\Users\106761\Desktop\Robotic_arm\Coding Space\proper_code_imple_4_classes\artifacts\input contains 338 frames
[2025-03-07 17:21:22,330] root - INFO - Succesfully read C:\Users\106761\Desktop\Robotic_arm\Coding Space\proper_code_imple_4_classes\artifacts\input contains 339 frames
[2025-03-07 17:21:22,337] root - INFO - Succesfully read C:\Users\106761\Desktop\Robotic_arm\Coding Space\proper_code_imple_4_classes\artifacts\input contains 340 frames
[2025-03-07 17:21:22,343] root - INFO - Succesfully read C:\Users\106761\Desktop\Robotic_arm\Coding Space\proper_code_imple_4_classes\artifacts\input contains 341 frames
[2025-03-07 17:21:22,350] root - INFO - Succesfully read C:\Users\106761\Desktop\Robotic_arm\Coding Space\proper_code_imple_4_classes\artifacts\input contains 342 frames
[2025-03-07 17:21:22,357] root - INFO - Succesfully read C:\Users\106761\Desktop\Robotic_arm\Coding Space\proper_code_imple_4_classes\artifacts\input contains 343 frames
[2025-03-07 17:21:22,366] root - INFO - Succesfully read C:\Users\106761\Desktop\Robotic_arm\Coding Space\proper_code_imple_4_classes\artifacts\input contains 344 frames
[2025-03-07 17:21:22,372] root - INFO - Succesfully read C:\Users\106761\Desktop\Robotic_arm\Coding Space\proper_code_imple_4_classes\artifacts\input contains 345 frames
[2025-03-07 17:21:22,380] root - INFO - Succesfully read C:\Users\106761\Desktop\Robotic_arm\Coding Space\proper_code_imple_4_classes\artifacts\input contains 346 frames
[2025-03-07 17:21:22,389] root - INFO - Succesfully read C:\Users\106761\Desktop\Robotic_arm\Coding Space\proper_code_imple_4_classes\artifacts\input contains 347 frames
[2025-03-07 17:21:22,395] root - INFO - Succesfully read C:\Users\106761\Desktop\Robotic_arm\Coding Space\proper_code_imple_4_classes\artifacts\input contains 348 frames
[2025-03-07 17:21:22,403] root - INFO - Succesfully read C:\Users\106761\Desktop\Robotic_arm\Coding Space\proper_code_imple_4_classes\artifacts\input contains 349 frames
[2025-03-07 17:21:22,410] root - INFO - Succesfully read C:\Users\106761\Desktop\Robotic_arm\Coding Space\proper_code_imple_4_classes\artifacts\input contains 350 frames
[2025-03-07 17:21:22,417] root - INFO - Succesfully read C:\Users\106761\Desktop\Robotic_arm\Coding Space\proper_code_imple_4_classes\artifacts\input contains 351 frames
[2025-03-07 17:21:22,424] root - INFO - Succesfully read C:\Users\106761\Desktop\Robotic_arm\Coding Space\proper_code_imple_4_classes\artifacts\input contains 352 frames
[2025-03-07 17:21:22,430] root - INFO - Succesfully read C:\Users\106761\Desktop\Robotic_arm\Coding Space\proper_code_imple_4_classes\artifacts\input contains 353 frames
[2025-03-07 17:21:22,436] root - INFO - Succesfully read C:\Users\106761\Desktop\Robotic_arm\Coding Space\proper_code_imple_4_classes\artifacts\input contains 354 frames
[2025-03-07 17:21:22,443] root - INFO - Succesfully read C:\Users\106761\Desktop\Robotic_arm\Coding Space\proper_code_imple_4_classes\artifacts\input contains 355 frames
[2025-03-07 17:21:22,448] root - INFO - Succesfully read C:\Users\106761\Desktop\Robotic_arm\Coding Space\proper_code_imple_4_classes\artifacts\input contains 356 frames
[2025-03-07 17:21:22,454] root - INFO - Succesfully read C:\Users\106761\Desktop\Robotic_arm\Coding Space\proper_code_imple_4_classes\artifacts\input contains 357 frames
[2025-03-07 17:21:22,458] root - INFO - Succesfully read C:\Users\106761\Desktop\Robotic_arm\Coding Space\proper_code_imple_4_classes\artifacts\input contains 358 frames
[2025-03-07 17:21:22,463] root - INFO - Succesfully read C:\Users\106761\Desktop\Robotic_arm\Coding Space\proper_code_imple_4_classes\artifacts\input contains 359 frames
[2025-03-07 17:21:22,468] root - INFO - Succesfully read C:\Users\106761\Desktop\Robotic_arm\Coding Space\proper_code_imple_4_classes\artifacts\input contains 360 frames
[2025-03-07 17:21:22,468] root - INFO - The frame was read successfully
[2025-03-07 17:21:22,568] root - INFO - The model used is C:\Users\106761\Desktop\Robotic_arm\Coding Space\proper_code_imple_4_classes\artifacts\models with confidence value 0.3
[2025-03-07 17:21:22,568] root - INFO - The previous detection results are not found creating new .......
[2025-03-07 17:23:16,557] root - INFO - The detections completed for 360 frames
